c:\death-s-door-project\death-s-door-project\external\library\script\script.pdb
c:\death-s-door-project\death-s-door-project\project\script\x64\release\cskyboxscript.obj
c:\death-s-door-project\death-s-door-project\project\script\x64\release\cskullscript.obj
c:\death-s-door-project\death-s-door-project\project\script\x64\release\cskullbullet.obj
c:\death-s-door-project\death-s-door-project\project\script\x64\release\crunstate.obj
c:\death-s-door-project\death-s-door-project\project\script\x64\release\crandommgrscript.obj
c:\death-s-door-project\death-s-door-project\project\script\x64\release\cprojectile.obj
c:\death-s-door-project\death-s-door-project\project\script\x64\release\cplayerscript.obj
c:\death-s-door-project\death-s-door-project\project\script\x64\release\cplantscript.obj
c:\death-s-door-project\death-s-door-project\project\script\x64\release\cplantbullet.obj
c:\death-s-door-project\death-s-door-project\project\script\x64\release\cnailscript.obj
c:\death-s-door-project\death-s-door-project\project\script\x64\release\cmonsterscript.obj
c:\death-s-door-project\death-s-door-project\project\script\x64\release\cironmacescript.obj
c:\death-s-door-project\death-s-door-project\project\script\x64\release\cidlestate.obj
c:\death-s-door-project\death-s-door-project\project\script\x64\release\cchargestate.obj
c:\death-s-door-project\death-s-door-project\project\script\x64\release\ccamerascript.obj
c:\death-s-door-project\death-s-door-project\project\script\x64\release\cbazookascript.obj
c:\death-s-door-project\death-s-door-project\project\script\x64\release\cbazookabullet.obj
c:\death-s-door-project\death-s-door-project\project\script\x64\release\cbatscript.obj
c:\death-s-door-project\death-s-door-project\project\script\x64\release\cactorscript.obj
c:\death-s-door-project\death-s-door-project\project\script\x64\release\ctonguescript.obj
c:\death-s-door-project\death-s-door-project\project\script\x64\release\ctonguebullet.obj
c:\death-s-door-project\death-s-door-project\project\script\x64\release\ctestmonsterscript.obj
c:\death-s-door-project\death-s-door-project\project\script\x64\release\ctestmonsterattackeffect.obj
c:\death-s-door-project\death-s-door-project\project\script\x64\release\cspiderscript.obj
c:\death-s-door-project\death-s-door-project\project\script\x64\release\cspearmanscript.obj
c:\death-s-door-project\death-s-door-project\project\script\x64\release\cplayerchargeslashstate.obj
c:\death-s-door-project\death-s-door-project\project\script\x64\release\teststate.obj
c:\death-s-door-project\death-s-door-project\project\script\x64\release\teststate2.obj
c:\death-s-door-project\death-s-door-project\project\script\x64\release\script.pch
c:\death-s-door-project\death-s-door-project\project\script\x64\release\pch.obj
c:\death-s-door-project\death-s-door-project\project\script\x64\release\tplayerstate.obj
c:\death-s-door-project\death-s-door-project\project\script\x64\release\cscriptmgr.obj
c:\death-s-door-project\death-s-door-project\external\library\script\script.lib
c:\death-s-door-project\death-s-door-project\project\script\x64\release\script.tlog\cl.command.1.tlog
c:\death-s-door-project\death-s-door-project\project\script\x64\release\script.tlog\cl.read.1.tlog
c:\death-s-door-project\death-s-door-project\project\script\x64\release\script.tlog\cl.write.1.tlog
c:\death-s-door-project\death-s-door-project\project\script\x64\release\script.tlog\lib-link.read.1.tlog
c:\death-s-door-project\death-s-door-project\project\script\x64\release\script.tlog\lib-link.write.1.tlog
c:\death-s-door-project\death-s-door-project\project\script\x64\release\script.tlog\lib.command.1.tlog
