  .\Project\Script\CActorScript.h
  .\Project\Script\CBatScript.h
  .\Project\Script\CBazookaBullet.h
  .\Project\Script\CBazookaScript.h
  .\Project\Script\CBossScript.h
  .\Project\Script\CCameraScript.h
  .\Project\Script\CCastleBullet.h
  .\Project\Script\CCastleScript.h
  .\Project\Script\CCrowBatBullet.h
  .\Project\Script\CCrowBullet.h
  .\Project\Script\CCrowEggBullet.h
  .\Project\Script\CCrowScript.h
  .\Project\Script\CEffectScript.h
  .\Project\Script\CExplosionParticle.h
  .\Project\Script\CFadeScript.h
  .\Project\Script\CIronmaceScript.h
  .\Project\Script\CMapChange.h
  .\Project\Script\CMemoryPoolScript.h
  .\Project\Script\CMonsterScript.h
  .\Project\Script\CNailScript.h
  .\Project\Script\CPlantBullet.h
  .\Project\Script\CPlantScript.h
  .\Project\Script\CPlayerArrow.h
  .\Project\Script\CPlayerBomb.h
  .\Project\Script\CPlayerChain.h
  .\Project\Script\CPlayerHook.h
  .\Project\Script\CPlayerMagic.h
  .\Project\Script\CPlayerScript.h
  .\Project\Script\CProjectile.h
  .\Project\Script\CRandomMgrScript.h
  .\Project\Script\CSceneChange.h
  .\Project\Script\CScriptMgr.h
  .\Project\Script\CSkullBullet.h
  .\Project\Script\CSkullScript.h
  .\Project\Script\CSkyBoxScript.h
  .\Project\Script\CSlashEffect.h
  .\Project\Script\CSpearManScript.h
  .\Project\Script\CSpiderScript.h
  .\Project\Script\CTestMonsterAttackEffect.h
  .\Project\Script\CTestMonsterScript.h
  .\Project\Script\CTongueBullet.h
  .\Project\Script\CTongueScript.h
  .\Project\Script\TCastleCutScene.h
  .\Project\Script\TCastleDeath.h
  .\Project\Script\TCastleFly.h
  .\Project\Script\TCastleFly_Finish.h
  .\Project\Script\TCastleFly_Start.h
  .\Project\Script\TCastleFly_Stay.h
  .\Project\Script\TCastleLaser_Finish.h
  .\Project\Script\TCastleLaser_Ready.h
  .\Project\Script\TCastleLeftBack_HalfSpin.h
  .\Project\Script\TCastleLeftFront_HalfSpin.h
  .\Project\Script\TCastleMissile_Close.h
  .\Project\Script\TCastleMissile_Open.h
  .\Project\Script\TCastleRightBack_HalfSpin.h
  .\Project\Script\TCastleRightFront_HalfSpin.h
  .\Project\Script\TCastleSpin.h
  .\Project\Script\TCastleWalk.h
  .\Project\Script\TCrowBatBullet.h
  .\Project\Script\TCrowCutScene.h
  .\Project\Script\TCrowDeath.h
  .\Project\Script\TCrowGuidedBullet.h
  .\Project\Script\TCrowIdle.h
  .\Project\Script\TCrowJump.h
  .\Project\Script\TCrowLeftSpin.h
  .\Project\Script\TCrowRightSpin.h
  .\Project\Script\TCrowRun.h
  .\Project\Script\TCrowSliding.h
  .\Project\Script\TCrowSlidingReady.h
  .\Project\Script\TCrowSlidingRot.h
  .\Project\Script\TCrowSpitting.h
  .\Project\Script\TCrowStandingDeath.h
  .\Project\Script\TCrowStomp.h
  .\Project\Script\TCrowWalk.h
  .\Project\Script\TIronChopAttack.h
  .\Project\Script\TIronChopAttackCombo.h
  .\Project\Script\TIronChopAttackComboEnd.h
  .\Project\Script\TIronChopAttackEnd.h
  .\Project\Script\TIronCutScene.h
  .\Project\Script\TIronDeath.h
  .\Project\Script\TIronJumpAttack.h
  .\Project\Script\TIronJumpAttack2.h
  .\Project\Script\TIronJumpFinish.h
  .\Project\Script\TIronJumpReady.h
  .\Project\Script\TIronRunAttack.h
  .\Project\Script\TIronSpinAttack.h
  .\Project\Script\TIronSpinAttackCombo.h
  .\Project\Script\TIronWalk.h
  .\Project\Script\TPlayerArrow.h
  .\Project\Script\TPlayerBomb.h
  .\Project\Script\TPlayerBomb_Finish.h
  .\Project\Script\TPlayerChargeMax_L.h
  .\Project\Script\TPlayerChargeMax_R.h
  .\Project\Script\TPlayerCharge_Attack_L.h
  .\Project\Script\TPlayerCharge_Attack_R.h
  .\Project\Script\TPlayerCharge_L.h
  .\Project\Script\TPlayerCharge_R.h
  .\Project\Script\TPlayerDance.h
  .\Project\Script\TPlayerDrown.h
  .\Project\Script\TPlayerGet_Item.h
  .\Project\Script\TPlayerHit_Back.h
  .\Project\Script\TPlayerHit_Recover.h
  .\Project\Script\TPlayerHook.h
  .\Project\Script\TPlayerHookFly.h
  .\Project\Script\TPlayerIdle.h
  .\Project\Script\TPlayerLadder_Down.h
  .\Project\Script\TPlayerLadder_Top.h
  .\Project\Script\TPlayerLadder_Up.h
  .\Project\Script\TPlayerMagic.h
  .\Project\Script\TPlayerRoll.h
  .\Project\Script\TPlayerRollSlash.h
  .\Project\Script\TPlayerRun.h
  .\Project\Script\TPlayerSlash_Attack_L.h
  .\Project\Script\TPlayerSlash_Attack_R.h
  114개 파일이 복사되었습니다.
  pch.cpp
  CActorScript.cpp
C:\Death-s-Door-Project\Death-s-Door-Project\Project\Script\CActorScript.cpp(104,40): warning C4267: '초기화 중': 'size_t'에서 'UINT'(으)로 변환하면서 데이터가 손실될 수 있습니다.
C:\Death-s-Door-Project\Death-s-Door-Project\Project\Script\CActorScript.cpp(184,39): warning C4267: '초기화 중': 'size_t'에서 'UINT'(으)로 변환하면서 데이터가 손실될 수 있습니다.
C:\Death-s-Door-Project\Death-s-Door-Project\Project\Script\CActorScript.cpp(235,39): warning C4244: '인수': 'int'에서 'float'(으)로 변환하면서 데이터가 손실될 수 있습니다.
C:\Death-s-Door-Project\Death-s-Door-Project\Project\Script\CActorScript.cpp(275,40): warning C4267: '초기화 중': 'size_t'에서 'UINT'(으)로 변환하면서 데이터가 손실될 수 있습니다.
C:\Death-s-Door-Project\Death-s-Door-Project\Project\Script\CActorScript.cpp(315,39): warning C4244: '인수': 'int'에서 'float'(으)로 변환하면서 데이터가 손실될 수 있습니다.
C:\Death-s-Door-Project\Death-s-Door-Project\Project\Script\CActorScript.cpp(355,39): warning C4267: '초기화 중': 'size_t'에서 'UINT'(으)로 변환하면서 데이터가 손실될 수 있습니다.
  CBatScript.cpp
C:\Death-s-Door-Project\Death-s-Door-Project\External\Include\Engine\CAnimator3D.h(56,26): warning C4244: 'return': 'float'에서 'int'(으)로 변환하면서 데이터가 손실될 수 있습니다.
  CBazookaBullet.cpp
  CBazookaScript.cpp
C:\Death-s-Door-Project\Death-s-Door-Project\External\Include\Engine\CAnimator3D.h(56,26): warning C4244: 'return': 'float'에서 'int'(으)로 변환하면서 데이터가 손실될 수 있습니다.
  CBossScript.cpp
  CCameraScript.cpp
  CCastleBullet.cpp
  CCastleScript.cpp
C:\Death-s-Door-Project\Death-s-Door-Project\External\Include\Engine\CAnimator3D.h(56,26): warning C4244: 'return': 'float'에서 'int'(으)로 변환하면서 데이터가 손실될 수 있습니다.
  CCrowBatBullet.cpp
  CCrowBullet.cpp
  CCrowEggBullet.cpp
  CCrowScript.cpp
  CEffectScript.cpp
  CExplosionParticle.cpp
  CFadeScript.cpp
  CIronmaceScript.cpp
C:\Death-s-Door-Project\Death-s-Door-Project\External\Include\Engine\CAnimator3D.h(56,26): warning C4244: 'return': 'float'에서 'int'(으)로 변환하면서 데이터가 손실될 수 있습니다.
  CMapChange.cpp
  CMemoryPoolScript.cpp
  CMonsterScript.cpp
C:\Death-s-Door-Project\Death-s-Door-Project\External\Include\Engine\CAnimator3D.h(56,26): warning C4244: 'return': 'float'에서 'int'(으)로 변환하면서 데이터가 손실될 수 있습니다.
  CNailScript.cpp
C:\Death-s-Door-Project\Death-s-Door-Project\External\Include\Engine\CAnimator3D.h(56,26): warning C4244: 'return': 'float'에서 'int'(으)로 변환하면서 데이터가 손실될 수 있습니다.
  컴파일하고 있습니다...
  CPlantBullet.cpp
  CPlantScript.cpp
C:\Death-s-Door-Project\Death-s-Door-Project\External\Include\Engine\CAnimator3D.h(56,26): warning C4244: 'return': 'float'에서 'int'(으)로 변환하면서 데이터가 손실될 수 있습니다.
  CPlayerArrow.cpp
  CPlayerBomb.cpp
  CPlayerChain.cpp
  CPlayerHook.cpp
C:\Death-s-Door-Project\Death-s-Door-Project\Project\Script\CPlayerHook.cpp(86,36): warning C4267: '초기화 중': 'size_t'에서 'int'(으)로 변환하면서 데이터가 손실될 수 있습니다.
C:\Death-s-Door-Project\Death-s-Door-Project\Project\Script\CPlayerHook.cpp(126,36): warning C4267: '초기화 중': 'size_t'에서 'int'(으)로 변환하면서 데이터가 손실될 수 있습니다.
C:\Death-s-Door-Project\Death-s-Door-Project\Project\Script\CPlayerHook.cpp(153,36): warning C4267: '초기화 중': 'size_t'에서 'int'(으)로 변환하면서 데이터가 손실될 수 있습니다.
  CPlayerMagic.cpp
  CPlayerScript.cpp
C:\Death-s-Door-Project\Death-s-Door-Project\External\Include\Engine\CAnimator3D.h(56,26): warning C4244: 'return': 'float'에서 'int'(으)로 변환하면서 데이터가 손실될 수 있습니다.
  CProjectile.cpp
  CRandomMgrScript.cpp
  CSceneChange.cpp
  CScriptMgr.cpp
C:\Death-s-Door-Project\Death-s-Door-Project\External\Include\Engine\CAnimator3D.h(56,26): warning C4244: 'return': 'float'에서 'int'(으)로 변환하면서 데이터가 손실될 수 있습니다.
  CSkullBullet.cpp
  CSkullScript.cpp
C:\Death-s-Door-Project\Death-s-Door-Project\External\Include\Engine\CAnimator3D.h(56,26): warning C4244: 'return': 'float'에서 'int'(으)로 변환하면서 데이터가 손실될 수 있습니다.
  CSkyBoxScript.cpp
  CSlashEffect.cpp
  CSpearManScript.cpp
C:\Death-s-Door-Project\Death-s-Door-Project\External\Include\Engine\CAnimator3D.h(56,26): warning C4244: 'return': 'float'에서 'int'(으)로 변환하면서 데이터가 손실될 수 있습니다.
  CSpiderScript.cpp
C:\Death-s-Door-Project\Death-s-Door-Project\External\Include\Engine\CAnimator3D.h(56,26): warning C4244: 'return': 'float'에서 'int'(으)로 변환하면서 데이터가 손실될 수 있습니다.
  CTestMonsterAttackEffect.cpp
C:\Death-s-Door-Project\Death-s-Door-Project\Project\Script\CTestMonsterAttackEffect.cpp(82,12): warning C4244: '인수': 'time_t'에서 'unsigned int'(으)로 변환하면서 데이터가 손실될 수 있습니다.
  CTestMonsterScript.cpp
C:\Death-s-Door-Project\Death-s-Door-Project\External\Include\Engine\CAnimator3D.h(56,26): warning C4244: 'return': 'float'에서 'int'(으)로 변환하면서 데이터가 손실될 수 있습니다.
  컴파일하고 있습니다...
  CTongueBullet.cpp
  CTongueScript.cpp
C:\Death-s-Door-Project\Death-s-Door-Project\External\Include\Engine\CAnimator3D.h(56,26): warning C4244: 'return': 'float'에서 'int'(으)로 변환하면서 데이터가 손실될 수 있습니다.
  TCastleCutScene.cpp
C:\Death-s-Door-Project\Death-s-Door-Project\External\Include\Engine\CAnimator3D.h(56,26): warning C4244: 'return': 'float'에서 'int'(으)로 변환하면서 데이터가 손실될 수 있습니다.
  TCastleDeath.cpp
C:\Death-s-Door-Project\Death-s-Door-Project\External\Include\Engine\CAnimator3D.h(56,26): warning C4244: 'return': 'float'에서 'int'(으)로 변환하면서 데이터가 손실될 수 있습니다.
  TCastleFly.cpp
C:\Death-s-Door-Project\Death-s-Door-Project\External\Include\Engine\CAnimator3D.h(56,26): warning C4244: 'return': 'float'에서 'int'(으)로 변환하면서 데이터가 손실될 수 있습니다.
  TCastleFly_Finish.cpp
C:\Death-s-Door-Project\Death-s-Door-Project\External\Include\Engine\CAnimator3D.h(56,26): warning C4244: 'return': 'float'에서 'int'(으)로 변환하면서 데이터가 손실될 수 있습니다.
  TCastleFly_Start.cpp
C:\Death-s-Door-Project\Death-s-Door-Project\External\Include\Engine\CAnimator3D.h(56,26): warning C4244: 'return': 'float'에서 'int'(으)로 변환하면서 데이터가 손실될 수 있습니다.
  TCastleFly_Stay.cpp
C:\Death-s-Door-Project\Death-s-Door-Project\External\Include\Engine\CAnimator3D.h(56,26): warning C4244: 'return': 'float'에서 'int'(으)로 변환하면서 데이터가 손실될 수 있습니다.
  TCastleLaser_Finish.cpp
C:\Death-s-Door-Project\Death-s-Door-Project\External\Include\Engine\CAnimator3D.h(56,26): warning C4244: 'return': 'float'에서 'int'(으)로 변환하면서 데이터가 손실될 수 있습니다.
  TCastleLaser_Ready.cpp
C:\Death-s-Door-Project\Death-s-Door-Project\External\Include\Engine\CAnimator3D.h(56,26): warning C4244: 'return': 'float'에서 'int'(으)로 변환하면서 데이터가 손실될 수 있습니다.
  TCastleLeftBack_HalfSpin.cpp
C:\Death-s-Door-Project\Death-s-Door-Project\External\Include\Engine\CAnimator3D.h(56,26): warning C4244: 'return': 'float'에서 'int'(으)로 변환하면서 데이터가 손실될 수 있습니다.
  TCastleLeftFront_HalfSpin.cpp
C:\Death-s-Door-Project\Death-s-Door-Project\External\Include\Engine\CAnimator3D.h(56,26): warning C4244: 'return': 'float'에서 'int'(으)로 변환하면서 데이터가 손실될 수 있습니다.
  TCastleMissile_Close.cpp
C:\Death-s-Door-Project\Death-s-Door-Project\External\Include\Engine\CAnimator3D.h(56,26): warning C4244: 'return': 'float'에서 'int'(으)로 변환하면서 데이터가 손실될 수 있습니다.
  TCastleMissile_Open.cpp
C:\Death-s-Door-Project\Death-s-Door-Project\External\Include\Engine\CAnimator3D.h(56,26): warning C4244: 'return': 'float'에서 'int'(으)로 변환하면서 데이터가 손실될 수 있습니다.
  TCastleRightBack_HalfSpin.cpp
C:\Death-s-Door-Project\Death-s-Door-Project\External\Include\Engine\CAnimator3D.h(56,26): warning C4244: 'return': 'float'에서 'int'(으)로 변환하면서 데이터가 손실될 수 있습니다.
  TCastleRightFront_HalfSpin.cpp
C:\Death-s-Door-Project\Death-s-Door-Project\External\Include\Engine\CAnimator3D.h(56,26): warning C4244: 'return': 'float'에서 'int'(으)로 변환하면서 데이터가 손실될 수 있습니다.
  TCastleSpin.cpp
C:\Death-s-Door-Project\Death-s-Door-Project\External\Include\Engine\CAnimator3D.h(56,26): warning C4244: 'return': 'float'에서 'int'(으)로 변환하면서 데이터가 손실될 수 있습니다.
  TCastleWalk.cpp
C:\Death-s-Door-Project\Death-s-Door-Project\External\Include\Engine\CAnimator3D.h(56,26): warning C4244: 'return': 'float'에서 'int'(으)로 변환하면서 데이터가 손실될 수 있습니다.
  TCrowBatBullet.cpp
C:\Death-s-Door-Project\Death-s-Door-Project\External\Include\Engine\CAnimator3D.h(56,26): warning C4244: 'return': 'float'에서 'int'(으)로 변환하면서 데이터가 손실될 수 있습니다.
  TCrowCutScene.cpp
C:\Death-s-Door-Project\Death-s-Door-Project\External\Include\Engine\CAnimator3D.h(56,26): warning C4244: 'return': 'float'에서 'int'(으)로 변환하면서 데이터가 손실될 수 있습니다.
  컴파일하고 있습니다...
  TCrowDeath.cpp
  TCrowGuidedBullet.cpp
C:\Death-s-Door-Project\Death-s-Door-Project\External\Include\Engine\CAnimator3D.h(56,26): warning C4244: 'return': 'float'에서 'int'(으)로 변환하면서 데이터가 손실될 수 있습니다.
  TCrowIdle.cpp
  TCrowJump.cpp
C:\Death-s-Door-Project\Death-s-Door-Project\External\Include\Engine\CAnimator3D.h(56,26): warning C4244: 'return': 'float'에서 'int'(으)로 변환하면서 데이터가 손실될 수 있습니다.
  TCrowLeftSpin.cpp
C:\Death-s-Door-Project\Death-s-Door-Project\External\Include\Engine\CAnimator3D.h(56,26): warning C4244: 'return': 'float'에서 'int'(으)로 변환하면서 데이터가 손실될 수 있습니다.
  TCrowRightSpin.cpp
C:\Death-s-Door-Project\Death-s-Door-Project\External\Include\Engine\CAnimator3D.h(56,26): warning C4244: 'return': 'float'에서 'int'(으)로 변환하면서 데이터가 손실될 수 있습니다.
  TCrowRun.cpp
C:\Death-s-Door-Project\Death-s-Door-Project\External\Include\Engine\CAnimator3D.h(56,26): warning C4244: 'return': 'float'에서 'int'(으)로 변환하면서 데이터가 손실될 수 있습니다.
  TCrowSliding.cpp
C:\Death-s-Door-Project\Death-s-Door-Project\External\Include\Engine\CAnimator3D.h(56,26): warning C4244: 'return': 'float'에서 'int'(으)로 변환하면서 데이터가 손실될 수 있습니다.
  TCrowSlidingReady.cpp
C:\Death-s-Door-Project\Death-s-Door-Project\External\Include\Engine\CAnimator3D.h(56,26): warning C4244: 'return': 'float'에서 'int'(으)로 변환하면서 데이터가 손실될 수 있습니다.
  TCrowSlidingRot.cpp
C:\Death-s-Door-Project\Death-s-Door-Project\External\Include\Engine\CAnimator3D.h(56,26): warning C4244: 'return': 'float'에서 'int'(으)로 변환하면서 데이터가 손실될 수 있습니다.
  TCrowSpitting.cpp
C:\Death-s-Door-Project\Death-s-Door-Project\External\Include\Engine\CAnimator3D.h(56,26): warning C4244: 'return': 'float'에서 'int'(으)로 변환하면서 데이터가 손실될 수 있습니다.
  TCrowStandingDeath.cpp
  TCrowStomp.cpp
C:\Death-s-Door-Project\Death-s-Door-Project\External\Include\Engine\CAnimator3D.h(56,26): warning C4244: 'return': 'float'에서 'int'(으)로 변환하면서 데이터가 손실될 수 있습니다.
  TCrowWalk.cpp
  TIronChopAttack.cpp
C:\Death-s-Door-Project\Death-s-Door-Project\External\Include\Engine\CAnimator3D.h(56,26): warning C4244: 'return': 'float'에서 'int'(으)로 변환하면서 데이터가 손실될 수 있습니다.
  TIronChopAttackCombo.cpp
C:\Death-s-Door-Project\Death-s-Door-Project\External\Include\Engine\CAnimator3D.h(56,26): warning C4244: 'return': 'float'에서 'int'(으)로 변환하면서 데이터가 손실될 수 있습니다.
  TIronChopAttackComboEnd.cpp
C:\Death-s-Door-Project\Death-s-Door-Project\External\Include\Engine\CAnimator3D.h(56,26): warning C4244: 'return': 'float'에서 'int'(으)로 변환하면서 데이터가 손실될 수 있습니다.
  TIronChopAttackEnd.cpp
C:\Death-s-Door-Project\Death-s-Door-Project\External\Include\Engine\CAnimator3D.h(56,26): warning C4244: 'return': 'float'에서 'int'(으)로 변환하면서 데이터가 손실될 수 있습니다.
  TIronCutScene.cpp
C:\Death-s-Door-Project\Death-s-Door-Project\External\Include\Engine\CAnimator3D.h(56,26): warning C4244: 'return': 'float'에서 'int'(으)로 변환하면서 데이터가 손실될 수 있습니다.
  TIronDeath.cpp
C:\Death-s-Door-Project\Death-s-Door-Project\External\Include\Engine\CAnimator3D.h(56,26): warning C4244: 'return': 'float'에서 'int'(으)로 변환하면서 데이터가 손실될 수 있습니다.
  컴파일하고 있습니다...
  TIronJumpAttack.cpp
  TIronJumpAttack2.cpp
C:\Death-s-Door-Project\Death-s-Door-Project\External\Include\Engine\CAnimator3D.h(56,26): warning C4244: 'return': 'float'에서 'int'(으)로 변환하면서 데이터가 손실될 수 있습니다.
  TIronJumpFinish.cpp
  TIronJumpReady.cpp
  TIronRunAttack.cpp
C:\Death-s-Door-Project\Death-s-Door-Project\External\Include\Engine\CAnimator3D.h(56,26): warning C4244: 'return': 'float'에서 'int'(으)로 변환하면서 데이터가 손실될 수 있습니다.
  TIronSpinAttack.cpp
C:\Death-s-Door-Project\Death-s-Door-Project\External\Include\Engine\CAnimator3D.h(56,26): warning C4244: 'return': 'float'에서 'int'(으)로 변환하면서 데이터가 손실될 수 있습니다.
  TIronSpinAttackCombo.cpp
C:\Death-s-Door-Project\Death-s-Door-Project\External\Include\Engine\CAnimator3D.h(56,26): warning C4244: 'return': 'float'에서 'int'(으)로 변환하면서 데이터가 손실될 수 있습니다.
  TIronWalk.cpp
C:\Death-s-Door-Project\Death-s-Door-Project\External\Include\Engine\CAnimator3D.h(56,26): warning C4244: 'return': 'float'에서 'int'(으)로 변환하면서 데이터가 손실될 수 있습니다.
  TPlayerArrow.cpp
C:\Death-s-Door-Project\Death-s-Door-Project\Project\Script\TPlayerArrow.cpp(1,1): warning C4819: 현재 코드 페이지(949)에서 표시할 수 없는 문자가 파일에 들어 있습니다. 데이터가 손실되지 않게 하려면 해당 파일을 유니코드 형식으로 저장하십시오.
C:\Death-s-Door-Project\Death-s-Door-Project\External\Include\Engine\CAnimator3D.h(56,26): warning C4244: 'return': 'float'에서 'int'(으)로 변환하면서 데이터가 손실될 수 있습니다.
  TPlayerBomb.cpp
C:\Death-s-Door-Project\Death-s-Door-Project\External\Include\Engine\CAnimator3D.h(56,26): warning C4244: 'return': 'float'에서 'int'(으)로 변환하면서 데이터가 손실될 수 있습니다.
  TPlayerBomb_Finish.cpp
C:\Death-s-Door-Project\Death-s-Door-Project\External\Include\Engine\CAnimator3D.h(56,26): warning C4244: 'return': 'float'에서 'int'(으)로 변환하면서 데이터가 손실될 수 있습니다.
  TPlayerChargeMax_L.cpp
C:\Death-s-Door-Project\Death-s-Door-Project\External\Include\Engine\CAnimator3D.h(56,26): warning C4244: 'return': 'float'에서 'int'(으)로 변환하면서 데이터가 손실될 수 있습니다.
  TPlayerChargeMax_R.cpp
C:\Death-s-Door-Project\Death-s-Door-Project\External\Include\Engine\CAnimator3D.h(56,26): warning C4244: 'return': 'float'에서 'int'(으)로 변환하면서 데이터가 손실될 수 있습니다.
  TPlayerCharge_Attack_L.cpp
C:\Death-s-Door-Project\Death-s-Door-Project\External\Include\Engine\CAnimator3D.h(56,26): warning C4244: 'return': 'float'에서 'int'(으)로 변환하면서 데이터가 손실될 수 있습니다.
  TPlayerCharge_Attack_R.cpp
C:\Death-s-Door-Project\Death-s-Door-Project\External\Include\Engine\CAnimator3D.h(56,26): warning C4244: 'return': 'float'에서 'int'(으)로 변환하면서 데이터가 손실될 수 있습니다.
  TPlayerCharge_L.cpp
C:\Death-s-Door-Project\Death-s-Door-Project\External\Include\Engine\CAnimator3D.h(56,26): warning C4244: 'return': 'float'에서 'int'(으)로 변환하면서 데이터가 손실될 수 있습니다.
  TPlayerCharge_R.cpp
C:\Death-s-Door-Project\Death-s-Door-Project\External\Include\Engine\CAnimator3D.h(56,26): warning C4244: 'return': 'float'에서 'int'(으)로 변환하면서 데이터가 손실될 수 있습니다.
  TPlayerDance.cpp
C:\Death-s-Door-Project\Death-s-Door-Project\External\Include\Engine\CAnimator3D.h(56,26): warning C4244: 'return': 'float'에서 'int'(으)로 변환하면서 데이터가 손실될 수 있습니다.
  TPlayerDrown.cpp
C:\Death-s-Door-Project\Death-s-Door-Project\External\Include\Engine\CAnimator3D.h(56,26): warning C4244: 'return': 'float'에서 'int'(으)로 변환하면서 데이터가 손실될 수 있습니다.
  TPlayerGet_Item.cpp
C:\Death-s-Door-Project\Death-s-Door-Project\External\Include\Engine\CAnimator3D.h(56,26): warning C4244: 'return': 'float'에서 'int'(으)로 변환하면서 데이터가 손실될 수 있습니다.
  컴파일하고 있습니다...
  TPlayerHit_Back.cpp
C:\Death-s-Door-Project\Death-s-Door-Project\External\Include\Engine\CAnimator3D.h(56,26): warning C4244: 'return': 'float'에서 'int'(으)로 변환하면서 데이터가 손실될 수 있습니다.
  TPlayerHit_Recover.cpp
C:\Death-s-Door-Project\Death-s-Door-Project\External\Include\Engine\CAnimator3D.h(56,26): warning C4244: 'return': 'float'에서 'int'(으)로 변환하면서 데이터가 손실될 수 있습니다.
  TPlayerHook.cpp
C:\Death-s-Door-Project\Death-s-Door-Project\External\Include\Engine\CAnimator3D.h(56,26): warning C4244: 'return': 'float'에서 'int'(으)로 변환하면서 데이터가 손실될 수 있습니다.
  TPlayerHookFly.cpp
C:\Death-s-Door-Project\Death-s-Door-Project\External\Include\Engine\CAnimator3D.h(56,26): warning C4244: 'return': 'float'에서 'int'(으)로 변환하면서 데이터가 손실될 수 있습니다.
  TPlayerIdle.cpp
C:\Death-s-Door-Project\Death-s-Door-Project\External\Include\Engine\CAnimator3D.h(56,26): warning C4244: 'return': 'float'에서 'int'(으)로 변환하면서 데이터가 손실될 수 있습니다.
  TPlayerLadder_Down.cpp
C:\Death-s-Door-Project\Death-s-Door-Project\External\Include\Engine\CAnimator3D.h(56,26): warning C4244: 'return': 'float'에서 'int'(으)로 변환하면서 데이터가 손실될 수 있습니다.
  TPlayerLadder_Top.cpp
C:\Death-s-Door-Project\Death-s-Door-Project\External\Include\Engine\CAnimator3D.h(56,26): warning C4244: 'return': 'float'에서 'int'(으)로 변환하면서 데이터가 손실될 수 있습니다.
  TPlayerLadder_Up.cpp
C:\Death-s-Door-Project\Death-s-Door-Project\External\Include\Engine\CAnimator3D.h(56,26): warning C4244: 'return': 'float'에서 'int'(으)로 변환하면서 데이터가 손실될 수 있습니다.
  TPlayerMagic.cpp
C:\Death-s-Door-Project\Death-s-Door-Project\External\Include\Engine\CAnimator3D.h(56,26): warning C4244: 'return': 'float'에서 'int'(으)로 변환하면서 데이터가 손실될 수 있습니다.
  TPlayerRoll.cpp
C:\Death-s-Door-Project\Death-s-Door-Project\External\Include\Engine\CAnimator3D.h(56,26): warning C4244: 'return': 'float'에서 'int'(으)로 변환하면서 데이터가 손실될 수 있습니다.
  TPlayerRollSlash.cpp
C:\Death-s-Door-Project\Death-s-Door-Project\External\Include\Engine\CAnimator3D.h(56,26): warning C4244: 'return': 'float'에서 'int'(으)로 변환하면서 데이터가 손실될 수 있습니다.
  TPlayerRun.cpp
C:\Death-s-Door-Project\Death-s-Door-Project\External\Include\Engine\CAnimator3D.h(56,26): warning C4244: 'return': 'float'에서 'int'(으)로 변환하면서 데이터가 손실될 수 있습니다.
  TPlayerSlash_Attack_L.cpp
C:\Death-s-Door-Project\Death-s-Door-Project\External\Include\Engine\CAnimator3D.h(56,26): warning C4244: 'return': 'float'에서 'int'(으)로 변환하면서 데이터가 손실될 수 있습니다.
  TPlayerSlash_Attack_R.cpp
C:\Death-s-Door-Project\Death-s-Door-Project\External\Include\Engine\CAnimator3D.h(56,26): warning C4244: 'return': 'float'에서 'int'(으)로 변환하면서 데이터가 손실될 수 있습니다.
  Script.vcxproj -> C:\Death-s-Door-Project\Death-s-Door-Project\External\Library\Script\Script.lib
