c:\death-s-door-project\death-s-door-project\external\library\script\script_debug.pdb
c:\death-s-door-project\death-s-door-project\external\library\script\script_debug.idb
c:\death-s-door-project\death-s-door-project\project\script\x64\debug\ctestmonsterattackeffect.obj
c:\death-s-door-project\death-s-door-project\project\script\x64\debug\cspiderscript.obj
c:\death-s-door-project\death-s-door-project\project\script\x64\debug\cspearmanscript.obj
c:\death-s-door-project\death-s-door-project\project\script\x64\debug\cskyboxscript.obj
c:\death-s-door-project\death-s-door-project\project\script\x64\debug\cskullscript.obj
c:\death-s-door-project\death-s-door-project\project\script\x64\debug\cskullbullet.obj
c:\death-s-door-project\death-s-door-project\project\script\x64\debug\cscriptmgr.obj
c:\death-s-door-project\death-s-door-project\project\script\x64\debug\crandommgrscript.obj
c:\death-s-door-project\death-s-door-project\project\script\x64\debug\cprojectile.obj
c:\death-s-door-project\death-s-door-project\project\script\x64\debug\cplayerscript.obj
c:\death-s-door-project\death-s-door-project\project\script\x64\debug\cplantscript.obj
c:\death-s-door-project\death-s-door-project\project\script\x64\debug\cplantbullet.obj
c:\death-s-door-project\death-s-door-project\project\script\x64\debug\cnailscript.obj
c:\death-s-door-project\death-s-door-project\project\script\x64\debug\cmonsterscript.obj
c:\death-s-door-project\death-s-door-project\project\script\x64\debug\cironmacescript.obj
c:\death-s-door-project\death-s-door-project\project\script\x64\debug\ccamerascript.obj
c:\death-s-door-project\death-s-door-project\project\script\x64\debug\cbazookascript.obj
c:\death-s-door-project\death-s-door-project\project\script\x64\debug\cbazookabullet.obj
c:\death-s-door-project\death-s-door-project\project\script\x64\debug\cbatscript.obj
c:\death-s-door-project\death-s-door-project\project\script\x64\debug\cactorscript.obj
c:\death-s-door-project\death-s-door-project\project\script\x64\debug\ctonguescript.obj
c:\death-s-door-project\death-s-door-project\project\script\x64\debug\ctonguebullet.obj
c:\death-s-door-project\death-s-door-project\project\script\x64\debug\ctestmonsterscript.obj
c:\death-s-door-project\death-s-door-project\project\script\x64\debug\cplayerstate.obj
c:\death-s-door-project\death-s-door-project\project\script\x64\debug\script_debug.pch
c:\death-s-door-project\death-s-door-project\project\script\x64\debug\pch.obj
c:\death-s-door-project\death-s-door-project\project\script\x64\debug\cidlestate.obj
c:\death-s-door-project\death-s-door-project\project\script\x64\debug\crunstate.obj
c:\death-s-door-project\death-s-door-project\external\library\script\script_debug.lib
c:\death-s-door-project\death-s-door-project\project\script\x64\debug\script.tlog\cl.command.1.tlog
c:\death-s-door-project\death-s-door-project\project\script\x64\debug\script.tlog\cl.read.1.tlog
c:\death-s-door-project\death-s-door-project\project\script\x64\debug\script.tlog\cl.write.1.tlog
c:\death-s-door-project\death-s-door-project\project\script\x64\debug\script.tlog\lib-link.read.1.tlog
c:\death-s-door-project\death-s-door-project\project\script\x64\debug\script.tlog\lib-link.write.1.tlog
c:\death-s-door-project\death-s-door-project\project\script\x64\debug\script.tlog\lib.command.1.tlog
