c:\death-s-door-project\death-s-door-project\external\library\engine\engine_debug.pdb
c:\death-s-door-project\death-s-door-project\external\library\engine\engine_debug.idb
c:\death-s-door-project\death-s-door-project\project\engine\x64\debug_graphic\cgraphicsshader.obj
c:\death-s-door-project\death-s-door-project\project\engine\x64\debug_graphic\cgameobject.obj
c:\death-s-door-project\death-s-door-project\project\engine\x64\debug_graphic\cfbxloader.obj
c:\death-s-door-project\death-s-door-project\project\engine\x64\debug_graphic\ceventmgr.obj
c:\death-s-door-project\death-s-door-project\project\engine\x64\debug_graphic\centity.obj
c:\death-s-door-project\death-s-door-project\project\engine\x64\debug_graphic\cdevice.obj
c:\death-s-door-project\death-s-door-project\project\engine\x64\debug_graphic\ccore.obj
c:\death-s-door-project\death-s-door-project\project\engine\x64\debug_graphic\ccopyshadercs.obj
c:\death-s-door-project\death-s-door-project\project\engine\x64\debug_graphic\ccopybonematrixshader.obj
c:\death-s-door-project\death-s-door-project\project\engine\x64\debug_graphic\cconstbuffer.obj
c:\death-s-door-project\death-s-door-project\project\engine\x64\debug_graphic\ccomputeshader.obj
c:\death-s-door-project\death-s-door-project\project\engine\x64\debug_graphic\ccomponent.obj
c:\death-s-door-project\death-s-door-project\project\engine\x64\debug_graphic\ccollisionmgr.obj
c:\death-s-door-project\death-s-door-project\project\engine\x64\debug_graphic\ccollider3d.obj
c:\death-s-door-project\death-s-door-project\project\engine\x64\debug_graphic\ccollider2d.obj
c:\death-s-door-project\death-s-door-project\project\engine\x64\debug_graphic\ccamera.obj
c:\death-s-door-project\death-s-door-project\project\engine\x64\debug_graphic\canimator3d.obj
c:\death-s-door-project\death-s-door-project\project\engine\x64\debug_graphic\canimator2d.obj
c:\death-s-door-project\death-s-door-project\project\engine\x64\debug_graphic\canimation3dshader.obj
c:\death-s-door-project\death-s-door-project\project\engine\x64\debug_graphic\canimation2d.obj
c:\death-s-door-project\death-s-door-project\project\engine\x64\debug_graphic\crendermgr_init.obj
c:\death-s-door-project\death-s-door-project\project\engine\x64\debug_graphic\crendermgr.obj
c:\death-s-door-project\death-s-door-project\project\engine\x64\debug_graphic\cprefab.obj
c:\death-s-door-project\death-s-door-project\project\engine\x64\debug_graphic\cpickingshader.obj
c:\death-s-door-project\death-s-door-project\project\engine\x64\debug_graphic\cpathmgr.obj
c:\death-s-door-project\death-s-door-project\project\engine\x64\debug_graphic\cparticleupdateshader.obj
c:\death-s-door-project\death-s-door-project\project\engine\x64\debug_graphic\cparticlesystem.obj
c:\death-s-door-project\death-s-door-project\project\engine\x64\debug_graphic\cmrt.obj
c:\death-s-door-project\death-s-door-project\project\engine\x64\debug_graphic\cmeshrender.obj
c:\death-s-door-project\death-s-door-project\project\engine\x64\debug_graphic\cmeshdata.obj
c:\death-s-door-project\death-s-door-project\project\engine\x64\debug_graphic\cmesh.obj
c:\death-s-door-project\death-s-door-project\project\engine\x64\debug_graphic\cmaterial.obj
c:\death-s-door-project\death-s-door-project\project\engine\x64\debug_graphic\clightcamera.obj
c:\death-s-door-project\death-s-door-project\project\engine\x64\debug_graphic\clight3d.obj
c:\death-s-door-project\death-s-door-project\project\engine\x64\debug_graphic\clight2d.obj
c:\death-s-door-project\death-s-door-project\project\engine\x64\debug_graphic\clayer.obj
c:\death-s-door-project\death-s-door-project\project\engine\x64\debug_graphic\ckeymgr.obj
c:\death-s-door-project\death-s-door-project\project\engine\x64\debug_graphic\cinterface.obj
c:\death-s-door-project\death-s-door-project\project\engine\x64\debug_graphic\cinstancingbuffer.obj
c:\death-s-door-project\death-s-door-project\project\engine\x64\debug_graphic\cheightmapshader.obj
c:\death-s-door-project\death-s-door-project\project\engine\x64\debug_graphic\ptr.obj
c:\death-s-door-project\death-s-door-project\project\engine\x64\debug_graphic\func.obj
c:\death-s-door-project\death-s-door-project\project\engine\x64\debug_graphic\extern.obj
c:\death-s-door-project\death-s-door-project\project\engine\x64\debug_graphic\cweightshader.obj
c:\death-s-door-project\death-s-door-project\project\engine\x64\debug_graphic\ctransform.obj
c:\death-s-door-project\death-s-door-project\project\engine\x64\debug_graphic\ctimemgr.obj
c:\death-s-door-project\death-s-door-project\project\engine\x64\debug_graphic\ctexture.obj
c:\death-s-door-project\death-s-door-project\project\engine\x64\debug_graphic\cterrain_init.obj
c:\death-s-door-project\death-s-door-project\project\engine\x64\debug_graphic\cterrain.obj
c:\death-s-door-project\death-s-door-project\project\engine\x64\debug_graphic\cstructuredbuffer.obj
c:\death-s-door-project\death-s-door-project\project\engine\x64\debug_graphic\csound.obj
c:\death-s-door-project\death-s-door-project\project\engine\x64\debug_graphic\csingleton.obj
c:\death-s-door-project\death-s-door-project\project\engine\x64\debug_graphic\cshader.obj
c:\death-s-door-project\death-s-door-project\project\engine\x64\debug_graphic\cscript.obj
c:\death-s-door-project\death-s-door-project\project\engine\x64\debug_graphic\cscenemgr.obj
c:\death-s-door-project\death-s-door-project\project\engine\x64\debug_graphic\cscene.obj
c:\death-s-door-project\death-s-door-project\project\engine\x64\debug_graphic\cresmgr_init.obj
c:\death-s-door-project\death-s-door-project\project\engine\x64\debug_graphic\cresmgr.obj
c:\death-s-door-project\death-s-door-project\project\engine\x64\debug_graphic\cres.obj
c:\death-s-door-project\death-s-door-project\project\engine\x64\debug_graphic\engine_debug.pch
c:\death-s-door-project\death-s-door-project\project\engine\x64\debug_graphic\pch.obj
c:\death-s-door-project\death-s-door-project\project\engine\x64\debug_graphic\cfrustum.obj
c:\death-s-door-project\death-s-door-project\project\engine\x64\debug_graphic\cfsm.obj
c:\death-s-door-project\death-s-door-project\external\library\engine\struct.cso
c:\death-s-door-project\death-s-door-project\external\library\engine\engine_debug.lib
c:\death-s-door-project\death-s-door-project\project\engine\x64\debug_graphic\cidlestate.obj
c:\death-s-door-project\death-s-door-project\project\engine\x64\debug_graphic\cstate.obj
c:\death-s-door-project\death-s-door-project\project\engine\x64\debug_graphic\engine.tlog\cl.command.1.tlog
c:\death-s-door-project\death-s-door-project\project\engine\x64\debug_graphic\engine.tlog\cl.read.1.tlog
c:\death-s-door-project\death-s-door-project\project\engine\x64\debug_graphic\engine.tlog\cl.write.1.tlog
c:\death-s-door-project\death-s-door-project\project\engine\x64\debug_graphic\engine.tlog\fxc.command.1.tlog
c:\death-s-door-project\death-s-door-project\project\engine\x64\debug_graphic\engine.tlog\fxc.read.1.tlog
c:\death-s-door-project\death-s-door-project\project\engine\x64\debug_graphic\engine.tlog\fxc.write.1.tlog
c:\death-s-door-project\death-s-door-project\project\engine\x64\debug_graphic\engine.tlog\lib-link.read.1.tlog
c:\death-s-door-project\death-s-door-project\project\engine\x64\debug_graphic\engine.tlog\lib-link.write.1.tlog
c:\death-s-door-project\death-s-door-project\project\engine\x64\debug_graphic\engine.tlog\lib.command.1.tlog
