c:\death-s-door-project\death-s-door-project\project\client\x64\debug\vc142.pdb
c:\death-s-door-project\death-s-door-project\project\client\x64\debug\vc142.idb
c:\death-s-door-project\death-s-door-project\project\client\x64\debug\listgui.obj
c:\death-s-door-project\death-s-door-project\project\client\x64\debug\light3dgui.obj
c:\death-s-door-project\death-s-door-project\project\client\x64\debug\inspectorgui.obj
c:\death-s-door-project\death-s-door-project\project\client\x64\debug\imguizmo.obj
c:\death-s-door-project\death-s-door-project\project\client\x64\debug\hierachygui.obj
c:\death-s-door-project\death-s-door-project\project\client\x64\debug\gui.obj
c:\death-s-door-project\death-s-door-project\project\client\x64\debug\debuggui.obj
c:\death-s-door-project\death-s-door-project\project\client\x64\debug\datagui.obj
c:\death-s-door-project\death-s-door-project\project\client\x64\debug\componentgui.obj
c:\death-s-door-project\death-s-door-project\project\client\x64\debug\collider2dgui.obj
c:\death-s-door-project\death-s-door-project\project\client\x64\debug\cameragui.obj
c:\death-s-door-project\death-s-door-project\project\client\x64\debug\ctoolobjmgr.obj
c:\death-s-door-project\death-s-door-project\project\client\x64\debug\ctoolcamscript.obj
c:\death-s-door-project\death-s-door-project\project\client\x64\debug\csaveloadmgr.obj
c:\death-s-door-project\death-s-door-project\project\client\x64\debug\cimguimgr.obj
c:\death-s-door-project\death-s-door-project\project\client\x64\debug\cgridscript.obj
c:\death-s-door-project\death-s-door-project\project\client\x64\debug\cgameobjectex.obj
c:\death-s-door-project\death-s-door-project\project\client\x64\debug\ccameraex.obj
c:\death-s-door-project\death-s-door-project\project\client\x64\debug\btngui.obj
c:\death-s-door-project\death-s-door-project\project\client\x64\debug\animator3dgui.obj
c:\death-s-door-project\death-s-door-project\project\client\x64\debug\main.obj
c:\death-s-door-project\death-s-door-project\project\client\x64\debug\imgui_widgets.obj
c:\death-s-door-project\death-s-door-project\project\client\x64\debug\imgui_tables.obj
c:\death-s-door-project\death-s-door-project\project\client\x64\debug\imgui_impl_win32.obj
c:\death-s-door-project\death-s-door-project\project\client\x64\debug\imgui_impl_dx11.obj
c:\death-s-door-project\death-s-door-project\project\client\x64\debug\imgui_draw.obj
c:\death-s-door-project\death-s-door-project\project\client\x64\debug\imgui_demo.obj
c:\death-s-door-project\death-s-door-project\project\client\x64\debug\imgui.obj
c:\death-s-door-project\death-s-door-project\project\client\x64\debug\treectrl.obj
c:\death-s-door-project\death-s-door-project\project\client\x64\debug\transformgui.obj
c:\death-s-door-project\death-s-door-project\project\client\x64\debug\testscene.obj
c:\death-s-door-project\death-s-door-project\project\client\x64\debug\scriptgui.obj
c:\death-s-door-project\death-s-door-project\project\client\x64\debug\resinfogui.obj
c:\death-s-door-project\death-s-door-project\project\client\x64\debug\resgui.obj
c:\death-s-door-project\death-s-door-project\project\client\x64\debug\prefabgui.obj
c:\death-s-door-project\death-s-door-project\project\client\x64\debug\particle3dgui.obj
c:\death-s-door-project\death-s-door-project\project\client\x64\debug\meshrendergui.obj
c:\death-s-door-project\death-s-door-project\project\client\x64\debug\menugui.obj
c:\death-s-door-project\death-s-door-project\project\client\x64\debug\materialgui.obj
c:\death-s-door-project\death-s-door-project\project\client\x64\debug\mrtgui.obj
c:\death-s-door-project\death-s-door-project\project\client\x64\debug\collider3dgui.obj
c:\death-s-door-project\death-s-door-project\project\client\x64\debug\frustumgui.obj
c:\death-s-door-project\death-s-door-project\project\client\x64\debug\uigui.obj
c:\death-s-door-project\death-s-door-project\project\client\x64\debug\client.pch
c:\death-s-door-project\death-s-door-project\project\client\x64\debug\pch.obj
c:\death-s-door-project\death-s-door-project\outputfile\bin_debug\tool.cso
c:\death-s-door-project\death-s-door-project\outputfile\bin_debug\client.exe
c:\death-s-door-project\death-s-door-project\project\client\x64\debug\client.ilk
c:\death-s-door-project\death-s-door-project\outputfile\bin_debug\client.pdb
c:\death-s-door-project\death-s-door-project\project\client\x64\debug\client.res
c:\death-s-door-project\death-s-door-project\project\client\x64\debug\light3dgui.obj.enc
c:\death-s-door-project\death-s-door-project\project\client\x64\debug\client.tlog\cl.command.1.tlog
c:\death-s-door-project\death-s-door-project\project\client\x64\debug\client.tlog\cl.read.1.tlog
c:\death-s-door-project\death-s-door-project\project\client\x64\debug\client.tlog\cl.write.1.tlog
c:\death-s-door-project\death-s-door-project\project\client\x64\debug\client.tlog\fxc.command.1.tlog
c:\death-s-door-project\death-s-door-project\project\client\x64\debug\client.tlog\fxc.read.1.tlog
c:\death-s-door-project\death-s-door-project\project\client\x64\debug\client.tlog\fxc.write.1.tlog
c:\death-s-door-project\death-s-door-project\project\client\x64\debug\client.tlog\link.command.1.tlog
c:\death-s-door-project\death-s-door-project\project\client\x64\debug\client.tlog\link.read.1.tlog
c:\death-s-door-project\death-s-door-project\project\client\x64\debug\client.tlog\link.write.1.tlog
c:\death-s-door-project\death-s-door-project\project\client\x64\debug\client.tlog\rc.command.1.tlog
c:\death-s-door-project\death-s-door-project\project\client\x64\debug\client.tlog\rc.read.1.tlog
c:\death-s-door-project\death-s-door-project\project\client\x64\debug\client.tlog\rc.write.1.tlog
