  .\Project\Client\struct.fx
  .\Project\Client\tool.fx
  .\Project\Client\value.fx
  3개 파일이 복사되었습니다.
FXC : warning X4717: Effects deprecated for D3DCompiler_47
  
  //
  // FX Version: fx_5_0
FXC : warning X4717: Effects deprecated for D3DCompiler_47
  
  //
  // FX Version: fx_5_0
  //
  // 3 local buffer(s)
  //
  cbuffer TRANSFORM : register(b0)
  {
      float4x4 g_matWorld;                // Offset:    0, size:   64
      float4x4 g_matView;                 // Offset:   64, size:   64
      float4x4 g_matProj;                 // Offset:  128, size:   64
      float4x4 g_matWV;                   // Offset:  192, size:   64
      float4x4 g_matWVP;                  // Offset:  256, size:   64
      float4x4 g_matWorldInv;             // Offset:  320, size:   64
      float4x4 g_matViewInv;              // Offset:  384, size:   64
  }
  
  cbuffer MATERIAL_DATA : register(b1)
  {
      float4  g_vDiff;                    // Offset:    0, size:   16
      float4  g_vSpec;                    // Offset:   16, size:   16
      float4  g_vAmb;                     // Offset:   32, size:   16
      float4  g_vEmis;                    // Offset:   48, size:   16
      int     g_int_0;                    // Offset:   64, size:    4
      int     g_int_1;                    // Offset:   68, size:    4
      int     g_int_2;                    // Offset:   72, size:    4
      int     g_int_3;                    // Offset:   76, size:    4
      float   g_float_0;                  // Offset:   80, size:    4
      float   g_float_1;                  // Offset:   84, size:    4
      float   g_float_2;                  // Offset:   88, size:    4
      float   g_float_3;                  // Offset:   92, size:    4
      float2  g_vec2_0;                   // Offset:   96, size:    8
      float2  g_vec2_1;                   // Offset:  104, size:    8
      float2  g_vec2_2;                   // Offset:  112, size:    8
      float2  g_vec2_3;                   // Offset:  120, size:    8
      float4  g_vec4_0;                   // Offset:  128, size:   16
      float4  g_vec4_1;                   // Offset:  144, size:   16
      float4  g_vec4_2;                   // Offset:  160, size:   16
      float4  g_vec4_3;                   // Offset:  176, size:   16
      float4x4 g_mat_0;                   // Offset:  192, size:   64
      float4x4 g_mat_1;                   // Offset:  256, size:   64
      float4x4 g_mat_2;                   // Offset:  320, size:   64
      float4x4 g_mat_3;                   // Offset:  384, size:   64
      int     btex_0;                     // Offset:  448, size:    4
      int     btex_1;                     // Offset:  452, size:    4
      int     btex_2;                     // Offset:  456, size:    4
      int     btex_3;                     // Offset:  460, size:    4
      int     btex_4;                     // Offset:  464, size:    4
      int     btex_5;                     // Offset:  468, size:    4
      int     btex_6;                     // Offset:  472, size:    4
      int     btex_7;                     // Offset:  476, size:    4
      int     btexarr_0;                  // Offset:  480, size:    4
      int     btexarr_1;                  // Offset:  484, size:    4
      int     btexcube_0;                 // Offset:  488, size:    4
      int     btexcube_1;                 // Offset:  492, size:    4
      int     iAnim3D;                    // Offset:  496, size:    4
      int     iBoneCount;                 // Offset:  500, size:    4
      int2    iMtrlPadding;               // Offset:  504, size:    8
  }
  
  cbuffer GLOBAL_VALUE : register(b2)
  {
      float2  g_vResolution;              // Offset:    0, size:    8
      float2  g_vNoiseResolution;         // Offset:    8, size:    8
      float   g_DT;                       // Offset:   16, size:    4
      float   g_AccTime;                  // Offset:   20, size:    4
      uint    iLight2DCount;              // Offset:   24, size:    4
      uint    iLight3DCount;              // Offset:   28, size:    4
      float   fDOFDistance;               // Offset:   32, size:    4
      float3  g_CamWorldPos;              // Offset:   36, size:   12
      float3  g_vCamUp;                   // Offset:   48, size:   12
      int     padding;                    // Offset:   64, size:    4
  }
  
  //
  // 21 local object(s)
  //
  Texture2D g_tex_0;
  Texture2D g_tex_1;
  Texture2D g_tex_2;
  Texture2D g_tex_3;
  Texture2D g_tex_4;
  Texture2D g_tex_5;
  Texture2D g_tex_6;
  Texture2D g_tex_7;
  Texture2DArray g_texarr_0;
  Texture2DArray g_texarr_1;
  TextureCube g_texcube_0;
  TextureCube g_texcube_1;
  StructuredBuffer g_arrFinalMat;
  StructuredBuffer g_Light2DInfo;
  StructuredBuffer g_Light3DInfo;
  Texture2D g_noise;
  StructuredBuffer g_Anim2DInfo;
  Texture2D g_animtex;
  SamplerState g_sam_0
  {
  };
  SamplerState g_sam_1
  {
  };
  SamplerState g_sam_2
  {
  };
  
  pch.cpp
  Animator3DGUI.cpp
C:\Death-s-Door-Project\Death-s-Door-Project\External\Include\Engine\CAnimator3D.h(56,26): warning C4244: 'return': 'float'에서 'int'(으)로 변환하면서 데이터가 손실될 수 있습니다.
C:\Death-s-Door-Project\Death-s-Door-Project\Project\Client\Animator3DGUI.cpp(98,16): warning C4244: '초기화 중': 'int'에서 'float'(으)로 변환하면서 데이터가 손실될 수 있습니다.
C:\Death-s-Door-Project\Death-s-Door-Project\Project\Client\Animator3DGUI.cpp(324,62): warning C4267: '초기화 중': 'size_t'에서 'int'(으)로 변환하면서 데이터가 손실될 수 있습니다.
C:\Death-s-Door-Project\Death-s-Door-Project\Project\Client\Animator3DGUI.cpp(450,63): warning C4267: '초기화 중': 'size_t'에서 'int'(으)로 변환하면서 데이터가 손실될 수 있습니다.
C:\Death-s-Door-Project\Death-s-Door-Project\Project\Client\Animator3DGUI.cpp(865,67): warning C4267: '인수': 'size_t'에서 'int'(으)로 변환하면서 데이터가 손실될 수 있습니다.
  BtnGUI.cpp
  CCameraEx.cpp
C:\Death-s-Door-Project\Death-s-Door-Project\Project\Client\CCameraEx.cpp(37,65): warning C4267: '인수': 'size_t'에서 'int'(으)로 변환하면서 데이터가 손실될 수 있습니다.
  CGameObjectEx.cpp
  CGridScript.cpp
  CImGUIMgr.cpp
  CSaveLoadMgr.cpp
  CToolCamScript.cpp
  CToolObjMgr.cpp
  CameraGUI.cpp
  Collider2DGUI.cpp
  Collider3DGUI.cpp
  ComponentGUI.cpp
  DataGUI.cpp
C:\Death-s-Door-Project\Death-s-Door-Project\Project\Client\DataGUI.cpp(148,27): warning C4267: '초기화 중': 'size_t'에서 'int'(으)로 변환하면서 데이터가 손실될 수 있습니다.
C:\Program Files (x86)\Microsoft Visual Studio\2019\Community\VC\Tools\MSVC\14.29.30037\include\xstring(2575,23): warning C4244: '인수': 'const wchar_t'에서 'const _Elem'(으)로 변환하면서 데이터가 손실될 수 있습니다.
          with
          [
              _Elem=char
          ]
C:\Program Files (x86)\Microsoft Visual Studio\2019\Community\VC\Tools\MSVC\14.29.30037\include\xstring(2586): message : 컴파일되는 함수 템플릿 인스턴스화 'void std::basic_string<char,std::char_traits<char>,std::allocator<char>>::_Construct<const wchar_t*>(_Iter,const _Iter,std::input_iterator_tag)'에 대한 참조를 확인하세요.
          with
          [
              _Iter=const wchar_t *
          ]
C:\Program Files (x86)\Microsoft Visual Studio\2019\Community\VC\Tools\MSVC\14.29.30037\include\xstring(2586): message : 컴파일되는 함수 템플릿 인스턴스화 'void std::basic_string<char,std::char_traits<char>,std::allocator<char>>::_Construct<const wchar_t*>(_Iter,const _Iter,std::input_iterator_tag)'에 대한 참조를 확인하세요.
          with
          [
              _Iter=const wchar_t *
          ]
C:\Program Files (x86)\Microsoft Visual Studio\2019\Community\VC\Tools\MSVC\14.29.30037\include\xstring(2566): message : 컴파일되는 함수 템플릿 인스턴스화 'void std::basic_string<char,std::char_traits<char>,std::allocator<char>>::_Construct<const wchar_t*>(const _Iter,const _Iter,std::forward_iterator_tag)'에 대한 참조를 확인하세요.
          with
          [
              _Iter=const wchar_t *
          ]
C:\Program Files (x86)\Microsoft Visual Studio\2019\Community\VC\Tools\MSVC\14.29.30037\include\xstring(2566): message : 컴파일되는 함수 템플릿 인스턴스화 'void std::basic_string<char,std::char_traits<char>,std::allocator<char>>::_Construct<const wchar_t*>(const _Iter,const _Iter,std::forward_iterator_tag)'에 대한 참조를 확인하세요.
          with
          [
              _Iter=const wchar_t *
          ]
C:\Death-s-Door-Project\Death-s-Door-Project\Project\Client\DataGUI.cpp(121): message : 컴파일되는 함수 템플릿 인스턴스화 'std::basic_string<char,std::char_traits<char>,std::allocator<char>>::basic_string<std::_String_const_iterator<std::_String_val<std::_Simple_types<_Elem>>>,0>(_Iter,_Iter,const _Alloc &)'에 대한 참조를 확인하세요.
          with
          [
              _Elem=wchar_t,
              _Iter=std::_String_const_iterator<std::_String_val<std::_Simple_types<wchar_t>>>,
              _Alloc=std::allocator<char>
          ]
C:\Death-s-Door-Project\Death-s-Door-Project\Project\Client\DataGUI.cpp(121): message : 컴파일되는 함수 템플릿 인스턴스화 'std::basic_string<char,std::char_traits<char>,std::allocator<char>>::basic_string<std::_String_const_iterator<std::_String_val<std::_Simple_types<_Elem>>>,0>(_Iter,_Iter,const _Alloc &)'에 대한 참조를 확인하세요.
          with
          [
              _Elem=wchar_t,
              _Iter=std::_String_const_iterator<std::_String_val<std::_Simple_types<wchar_t>>>,
              _Alloc=std::allocator<char>
          ]
  DebugGUI.cpp
  FrustumGUI.cpp
  GUI.cpp
  HierachyGUI.cpp
C:\Program Files (x86)\Microsoft Visual Studio\2019\Community\VC\Tools\MSVC\14.29.30037\include\xstring(2575,23): warning C4244: '인수': 'wchar_t'에서 'const _Elem'(으)로 변환하면서 데이터가 손실될 수 있습니다.
          with
          [
              _Elem=char
          ]
C:\Program Files (x86)\Microsoft Visual Studio\2019\Community\VC\Tools\MSVC\14.29.30037\include\xstring(2586): message : 컴파일되는 함수 템플릿 인스턴스화 'void std::basic_string<char,std::char_traits<char>,std::allocator<char>>::_Construct<wchar_t*>(_Iter,const _Iter,std::input_iterator_tag)'에 대한 참조를 확인하세요.
          with
          [
              _Iter=wchar_t *
          ]
C:\Program Files (x86)\Microsoft Visual Studio\2019\Community\VC\Tools\MSVC\14.29.30037\include\xstring(2586): message : 컴파일되는 함수 템플릿 인스턴스화 'void std::basic_string<char,std::char_traits<char>,std::allocator<char>>::_Construct<wchar_t*>(_Iter,const _Iter,std::input_iterator_tag)'에 대한 참조를 확인하세요.
          with
          [
              _Iter=wchar_t *
          ]
C:\Program Files (x86)\Microsoft Visual Studio\2019\Community\VC\Tools\MSVC\14.29.30037\include\xstring(2566): message : 컴파일되는 함수 템플릿 인스턴스화 'void std::basic_string<char,std::char_traits<char>,std::allocator<char>>::_Construct<wchar_t*>(const _Iter,const _Iter,std::forward_iterator_tag)'에 대한 참조를 확인하세요.
          with
          [
              _Iter=wchar_t *
          ]
C:\Program Files (x86)\Microsoft Visual Studio\2019\Community\VC\Tools\MSVC\14.29.30037\include\xstring(2566): message : 컴파일되는 함수 템플릿 인스턴스화 'void std::basic_string<char,std::char_traits<char>,std::allocator<char>>::_Construct<wchar_t*>(const _Iter,const _Iter,std::forward_iterator_tag)'에 대한 참조를 확인하세요.
          with
          [
              _Iter=wchar_t *
          ]
C:\Death-s-Door-Project\Death-s-Door-Project\Project\Client\HierachyGUI.cpp(60): message : 컴파일되는 함수 템플릿 인스턴스화 'std::basic_string<char,std::char_traits<char>,std::allocator<char>>::basic_string<std::_String_iterator<std::_String_val<std::_Simple_types<_Elem>>>,0>(_Iter,_Iter,const _Alloc &)'에 대한 참조를 확인하세요.
          with
          [
              _Elem=wchar_t,
              _Iter=std::_String_iterator<std::_String_val<std::_Simple_types<wchar_t>>>,
              _Alloc=std::allocator<char>
          ]
C:\Death-s-Door-Project\Death-s-Door-Project\Project\Client\HierachyGUI.cpp(60): message : 컴파일되는 함수 템플릿 인스턴스화 'std::basic_string<char,std::char_traits<char>,std::allocator<char>>::basic_string<std::_String_iterator<std::_String_val<std::_Simple_types<_Elem>>>,0>(_Iter,_Iter,const _Alloc &)'에 대한 참조를 확인하세요.
          with
          [
              _Elem=wchar_t,
              _Iter=std::_String_iterator<std::_String_val<std::_Simple_types<wchar_t>>>,
              _Alloc=std::allocator<char>
          ]
  ImGuizmo.cpp
  InspectorGUI.cpp
C:\Death-s-Door-Project\Death-s-Door-Project\Project\Client\InspectorGUI.cpp(261,41): warning C4267: '초기화 중': 'size_t'에서 'int'(으)로 변환하면서 데이터가 손실될 수 있습니다.
C:\Death-s-Door-Project\Death-s-Door-Project\Project\Client\InspectorGUI.cpp(275,62): warning C4267: '초기화 중': 'size_t'에서 'UINT'(으)로 변환하면서 데이터가 손실될 수 있습니다.
  코드를 생성하고 있습니다...
  컴파일하고 있습니다...
  Light3DGUI.cpp
  ListGUI.cpp
  MRTGUI.cpp
  MaterialGUI.cpp
C:\Program Files (x86)\Microsoft Visual Studio\2019\Community\VC\Tools\MSVC\14.29.30037\include\xstring(2575,23): warning C4244: '인수': 'const wchar_t'에서 'const _Elem'(으)로 변환하면서 데이터가 손실될 수 있습니다.
          with
          [
              _Elem=char
          ]
C:\Program Files (x86)\Microsoft Visual Studio\2019\Community\VC\Tools\MSVC\14.29.30037\include\xstring(2586): message : 컴파일되는 함수 템플릿 인스턴스화 'void std::basic_string<char,std::char_traits<char>,std::allocator<char>>::_Construct<const wchar_t*>(_Iter,const _Iter,std::input_iterator_tag)'에 대한 참조를 확인하세요.
          with
          [
              _Iter=const wchar_t *
          ]
C:\Program Files (x86)\Microsoft Visual Studio\2019\Community\VC\Tools\MSVC\14.29.30037\include\xstring(2586): message : 컴파일되는 함수 템플릿 인스턴스화 'void std::basic_string<char,std::char_traits<char>,std::allocator<char>>::_Construct<const wchar_t*>(_Iter,const _Iter,std::input_iterator_tag)'에 대한 참조를 확인하세요.
          with
          [
              _Iter=const wchar_t *
          ]
C:\Program Files (x86)\Microsoft Visual Studio\2019\Community\VC\Tools\MSVC\14.29.30037\include\xstring(2566): message : 컴파일되는 함수 템플릿 인스턴스화 'void std::basic_string<char,std::char_traits<char>,std::allocator<char>>::_Construct<const wchar_t*>(const _Iter,const _Iter,std::forward_iterator_tag)'에 대한 참조를 확인하세요.
          with
          [
              _Iter=const wchar_t *
          ]
C:\Program Files (x86)\Microsoft Visual Studio\2019\Community\VC\Tools\MSVC\14.29.30037\include\xstring(2566): message : 컴파일되는 함수 템플릿 인스턴스화 'void std::basic_string<char,std::char_traits<char>,std::allocator<char>>::_Construct<const wchar_t*>(const _Iter,const _Iter,std::forward_iterator_tag)'에 대한 참조를 확인하세요.
          with
          [
              _Iter=const wchar_t *
          ]
C:\Death-s-Door-Project\Death-s-Door-Project\Project\Client\MaterialGUI.cpp(89): message : 컴파일되는 함수 템플릿 인스턴스화 'std::basic_string<char,std::char_traits<char>,std::allocator<char>>::basic_string<std::_String_const_iterator<std::_String_val<std::_Simple_types<_Elem>>>,0>(_Iter,_Iter,const _Alloc &)'에 대한 참조를 확인하세요.
          with
          [
              _Elem=wchar_t,
              _Iter=std::_String_const_iterator<std::_String_val<std::_Simple_types<wchar_t>>>,
              _Alloc=std::allocator<char>
          ]
C:\Death-s-Door-Project\Death-s-Door-Project\Project\Client\MaterialGUI.cpp(89): message : 컴파일되는 함수 템플릿 인스턴스화 'std::basic_string<char,std::char_traits<char>,std::allocator<char>>::basic_string<std::_String_const_iterator<std::_String_val<std::_Simple_types<_Elem>>>,0>(_Iter,_Iter,const _Alloc &)'에 대한 참조를 확인하세요.
          with
          [
              _Elem=wchar_t,
              _Iter=std::_String_const_iterator<std::_String_val<std::_Simple_types<wchar_t>>>,
              _Alloc=std::allocator<char>
          ]
  MenuGUI.cpp
C:\Death-s-Door-Project\Death-s-Door-Project\External\Include\Engine\CAnimator3D.h(56,26): warning C4244: 'return': 'float'에서 'int'(으)로 변환하면서 데이터가 손실될 수 있습니다.
C:\Death-s-Door-Project\Death-s-Door-Project\Project\Client\MenuGUI.cpp(64,55): warning C4267: '초기화 중': 'size_t'에서 'int'(으)로 변환하면서 데이터가 손실될 수 있습니다.
C:\Death-s-Door-Project\Death-s-Door-Project\Project\Client\MenuGUI.cpp(102,46): warning C4267: '초기화 중': 'size_t'에서 'int'(으)로 변환하면서 데이터가 손실될 수 있습니다.
C:\Death-s-Door-Project\Death-s-Door-Project\Project\Client\MenuGUI.cpp(290,49): warning C4267: '초기화 중': 'size_t'에서 'int'(으)로 변환하면서 데이터가 손실될 수 있습니다.
  MeshRenderGUI.cpp
C:\Program Files (x86)\Microsoft Visual Studio\2019\Community\VC\Tools\MSVC\14.29.30037\include\xstring(2575,23): warning C4244: '인수': 'wchar_t'에서 'const _Elem'(으)로 변환하면서 데이터가 손실될 수 있습니다.
          with
          [
              _Elem=char
          ]
C:\Program Files (x86)\Microsoft Visual Studio\2019\Community\VC\Tools\MSVC\14.29.30037\include\xstring(2586): message : 컴파일되는 함수 템플릿 인스턴스화 'void std::basic_string<char,std::char_traits<char>,std::allocator<char>>::_Construct<wchar_t*>(_Iter,const _Iter,std::input_iterator_tag)'에 대한 참조를 확인하세요.
          with
          [
              _Iter=wchar_t *
          ]
C:\Program Files (x86)\Microsoft Visual Studio\2019\Community\VC\Tools\MSVC\14.29.30037\include\xstring(2586): message : 컴파일되는 함수 템플릿 인스턴스화 'void std::basic_string<char,std::char_traits<char>,std::allocator<char>>::_Construct<wchar_t*>(_Iter,const _Iter,std::input_iterator_tag)'에 대한 참조를 확인하세요.
          with
          [
              _Iter=wchar_t *
          ]
C:\Program Files (x86)\Microsoft Visual Studio\2019\Community\VC\Tools\MSVC\14.29.30037\include\xstring(2566): message : 컴파일되는 함수 템플릿 인스턴스화 'void std::basic_string<char,std::char_traits<char>,std::allocator<char>>::_Construct<wchar_t*>(const _Iter,const _Iter,std::forward_iterator_tag)'에 대한 참조를 확인하세요.
          with
          [
              _Iter=wchar_t *
          ]
C:\Program Files (x86)\Microsoft Visual Studio\2019\Community\VC\Tools\MSVC\14.29.30037\include\xstring(2566): message : 컴파일되는 함수 템플릿 인스턴스화 'void std::basic_string<char,std::char_traits<char>,std::allocator<char>>::_Construct<wchar_t*>(const _Iter,const _Iter,std::forward_iterator_tag)'에 대한 참조를 확인하세요.
          with
          [
              _Iter=wchar_t *
          ]
C:\Death-s-Door-Project\Death-s-Door-Project\Project\Client\MeshRenderGUI.cpp(40): message : 컴파일되는 함수 템플릿 인스턴스화 'std::basic_string<char,std::char_traits<char>,std::allocator<char>>::basic_string<std::_String_iterator<std::_String_val<std::_Simple_types<_Elem>>>,0>(_Iter,_Iter,const _Alloc &)'에 대한 참조를 확인하세요.
          with
          [
              _Elem=wchar_t,
              _Iter=std::_String_iterator<std::_String_val<std::_Simple_types<wchar_t>>>,
              _Alloc=std::allocator<char>
          ]
C:\Death-s-Door-Project\Death-s-Door-Project\Project\Client\MeshRenderGUI.cpp(40): message : 컴파일되는 함수 템플릿 인스턴스화 'std::basic_string<char,std::char_traits<char>,std::allocator<char>>::basic_string<std::_String_iterator<std::_String_val<std::_Simple_types<_Elem>>>,0>(_Iter,_Iter,const _Alloc &)'에 대한 참조를 확인하세요.
          with
          [
              _Elem=wchar_t,
              _Iter=std::_String_iterator<std::_String_val<std::_Simple_types<wchar_t>>>,
              _Alloc=std::allocator<char>
          ]
C:\Program Files (x86)\Microsoft Visual Studio\2019\Community\VC\Tools\MSVC\14.29.30037\include\xstring(2575,23): warning C4244: '인수': 'const wchar_t'에서 'const _Elem'(으)로 변환하면서 데이터가 손실될 수 있습니다.
          with
          [
              _Elem=char
          ]
C:\Program Files (x86)\Microsoft Visual Studio\2019\Community\VC\Tools\MSVC\14.29.30037\include\xstring(2586): message : 컴파일되는 함수 템플릿 인스턴스화 'void std::basic_string<char,std::char_traits<char>,std::allocator<char>>::_Construct<const wchar_t*>(_Iter,const _Iter,std::input_iterator_tag)'에 대한 참조를 확인하세요.
          with
          [
              _Iter=const wchar_t *
          ]
C:\Program Files (x86)\Microsoft Visual Studio\2019\Community\VC\Tools\MSVC\14.29.30037\include\xstring(2586): message : 컴파일되는 함수 템플릿 인스턴스화 'void std::basic_string<char,std::char_traits<char>,std::allocator<char>>::_Construct<const wchar_t*>(_Iter,const _Iter,std::input_iterator_tag)'에 대한 참조를 확인하세요.
          with
          [
              _Iter=const wchar_t *
          ]
C:\Program Files (x86)\Microsoft Visual Studio\2019\Community\VC\Tools\MSVC\14.29.30037\include\xstring(2566): message : 컴파일되는 함수 템플릿 인스턴스화 'void std::basic_string<char,std::char_traits<char>,std::allocator<char>>::_Construct<const wchar_t*>(const _Iter,const _Iter,std::forward_iterator_tag)'에 대한 참조를 확인하세요.
          with
          [
              _Iter=const wchar_t *
          ]
C:\Program Files (x86)\Microsoft Visual Studio\2019\Community\VC\Tools\MSVC\14.29.30037\include\xstring(2566): message : 컴파일되는 함수 템플릿 인스턴스화 'void std::basic_string<char,std::char_traits<char>,std::allocator<char>>::_Construct<const wchar_t*>(const _Iter,const _Iter,std::forward_iterator_tag)'에 대한 참조를 확인하세요.
          with
          [
              _Iter=const wchar_t *
          ]
C:\Death-s-Door-Project\Death-s-Door-Project\Project\Client\MeshRenderGUI.cpp(73): message : 컴파일되는 함수 템플릿 인스턴스화 'std::basic_string<char,std::char_traits<char>,std::allocator<char>>::basic_string<std::_String_const_iterator<std::_String_val<std::_Simple_types<_Elem>>>,0>(_Iter,_Iter,const _Alloc &)'에 대한 참조를 확인하세요.
          with
          [
              _Elem=wchar_t,
              _Iter=std::_String_const_iterator<std::_String_val<std::_Simple_types<wchar_t>>>,
              _Alloc=std::allocator<char>
          ]
C:\Death-s-Door-Project\Death-s-Door-Project\Project\Client\MeshRenderGUI.cpp(73): message : 컴파일되는 함수 템플릿 인스턴스화 'std::basic_string<char,std::char_traits<char>,std::allocator<char>>::basic_string<std::_String_const_iterator<std::_String_val<std::_Simple_types<_Elem>>>,0>(_Iter,_Iter,const _Alloc &)'에 대한 참조를 확인하세요.
          with
          [
              _Elem=wchar_t,
              _Iter=std::_String_const_iterator<std::_String_val<std::_Simple_types<wchar_t>>>,
              _Alloc=std::allocator<char>
          ]
  Particle3DGUI.cpp
  PrefabGUI.cpp
C:\Death-s-Door-Project\Death-s-Door-Project\Project\Client\PrefabGUI.cpp(46,51): warning C4267: '초기화 중': 'size_t'에서 'UINT'(으)로 변환하면서 데이터가 손실될 수 있습니다.
  ResGUI.cpp
  ResInfoGUI.cpp
  ScriptGUI.cpp
  TestScene.cpp
C:\Death-s-Door-Project\Death-s-Door-Project\External\Include\Engine\CAnimator3D.h(56,26): warning C4244: 'return': 'float'에서 'int'(으)로 변환하면서 데이터가 손실될 수 있습니다.
  TransformGUI.cpp
  TreeCtrl.cpp
  UIGUI.cpp
  imgui.cpp
  imgui_demo.cpp
  imgui_draw.cpp
  imgui_impl_dx11.cpp
  imgui_impl_win32.cpp
  코드를 생성하고 있습니다...
  컴파일하고 있습니다...
  imgui_tables.cpp
  imgui_widgets.cpp
  main.cpp
  코드를 생성하고 있습니다...
  LINK : C:\Death-s-Door-Project\Death-s-Door-Project\OutputFile\bin_debug\Client.pdb 프로그램 데이터베이스가 없습니다. 전체 링크를 수행하고 있습니다.
DirectXTex_debug.lib(BC.obj) : warning LNK4099: 'DirectXTex.pdb' PDB를 'DirectXTex_debug.lib(BC.obj)' 또는 'C:\Death-s-Door-Project\Death-s-Door-Project\OutputFile\bin_debug\DirectXTex.pdb'에서 찾을 수 없습니다. 디버그 정보가 없는 것처럼 개체를 링크합니다.
DirectXTex_debug.lib(BC4BC5.obj) : warning LNK4099: 'DirectXTex.pdb' PDB를 'DirectXTex_debug.lib(BC4BC5.obj)' 또는 'C:\Death-s-Door-Project\Death-s-Door-Project\OutputFile\bin_debug\DirectXTex.pdb'에서 찾을 수 없습니다. 디버그 정보가 없는 것처럼 개체를 링크합니다.
DirectXTex_debug.lib(BC6HBC7.obj) : warning LNK4099: 'DirectXTex.pdb' PDB를 'DirectXTex_debug.lib(BC6HBC7.obj)' 또는 'C:\Death-s-Door-Project\Death-s-Door-Project\OutputFile\bin_debug\DirectXTex.pdb'에서 찾을 수 없습니다. 디버그 정보가 없는 것처럼 개체를 링크합니다.
DirectXTex_debug.lib(DirectXTexCompress.obj) : warning LNK4099: 'DirectXTex.pdb' PDB를 'DirectXTex_debug.lib(DirectXTexCompress.obj)' 또는 'C:\Death-s-Door-Project\Death-s-Door-Project\OutputFile\bin_debug\DirectXTex.pdb'에서 찾을 수 없습니다. 디버그 정보가 없는 것처럼 개체를 링크합니다.
DirectXTex_debug.lib(DirectXTexConvert.obj) : warning LNK4099: 'DirectXTex.pdb' PDB를 'DirectXTex_debug.lib(DirectXTexConvert.obj)' 또는 'C:\Death-s-Door-Project\Death-s-Door-Project\OutputFile\bin_debug\DirectXTex.pdb'에서 찾을 수 없습니다. 디버그 정보가 없는 것처럼 개체를 링크합니다.
DirectXTex_debug.lib(DirectXTexD3D11.obj) : warning LNK4099: 'DirectXTex.pdb' PDB를 'DirectXTex_debug.lib(DirectXTexD3D11.obj)' 또는 'C:\Death-s-Door-Project\Death-s-Door-Project\OutputFile\bin_debug\DirectXTex.pdb'에서 찾을 수 없습니다. 디버그 정보가 없는 것처럼 개체를 링크합니다.
DirectXTex_debug.lib(DirectXTexDDS.obj) : warning LNK4099: 'DirectXTex.pdb' PDB를 'DirectXTex_debug.lib(DirectXTexDDS.obj)' 또는 'C:\Death-s-Door-Project\Death-s-Door-Project\OutputFile\bin_debug\DirectXTex.pdb'에서 찾을 수 없습니다. 디버그 정보가 없는 것처럼 개체를 링크합니다.
DirectXTex_debug.lib(DirectXTexImage.obj) : warning LNK4099: 'DirectXTex.pdb' PDB를 'DirectXTex_debug.lib(DirectXTexImage.obj)' 또는 'C:\Death-s-Door-Project\Death-s-Door-Project\OutputFile\bin_debug\DirectXTex.pdb'에서 찾을 수 없습니다. 디버그 정보가 없는 것처럼 개체를 링크합니다.
DirectXTex_debug.lib(DirectXTexMipMaps.obj) : warning LNK4099: 'DirectXTex.pdb' PDB를 'DirectXTex_debug.lib(DirectXTexMipMaps.obj)' 또는 'C:\Death-s-Door-Project\Death-s-Door-Project\OutputFile\bin_debug\DirectXTex.pdb'에서 찾을 수 없습니다. 디버그 정보가 없는 것처럼 개체를 링크합니다.
DirectXTex_debug.lib(DirectXTexTGA.obj) : warning LNK4099: 'DirectXTex.pdb' PDB를 'DirectXTex_debug.lib(DirectXTexTGA.obj)' 또는 'C:\Death-s-Door-Project\Death-s-Door-Project\OutputFile\bin_debug\DirectXTex.pdb'에서 찾을 수 없습니다. 디버그 정보가 없는 것처럼 개체를 링크합니다.
DirectXTex_debug.lib(DirectXTexUtil.obj) : warning LNK4099: 'DirectXTex.pdb' PDB를 'DirectXTex_debug.lib(DirectXTexUtil.obj)' 또는 'C:\Death-s-Door-Project\Death-s-Door-Project\OutputFile\bin_debug\DirectXTex.pdb'에서 찾을 수 없습니다. 디버그 정보가 없는 것처럼 개체를 링크합니다.
DirectXTex_debug.lib(DirectXTexWIC.obj) : warning LNK4099: 'DirectXTex.pdb' PDB를 'DirectXTex_debug.lib(DirectXTexWIC.obj)' 또는 'C:\Death-s-Door-Project\Death-s-Door-Project\OutputFile\bin_debug\DirectXTex.pdb'에서 찾을 수 없습니다. 디버그 정보가 없는 것처럼 개체를 링크합니다.
  Client.vcxproj -> C:\Death-s-Door-Project\Death-s-Door-Project\OutputFile\bin_debug\Client.exe
