c:\death-s-door-project\death-s-door-project\project\engine\x64\release\engine.pch
c:\death-s-door-project\death-s-door-project\external\library\engine\engine.pdb
c:\death-s-door-project\death-s-door-project\project\engine\x64\release\pch.obj
c:\death-s-door-project\death-s-door-project\project\engine\x64\release\cfrustumsphere.obj
c:\death-s-door-project\death-s-door-project\project\engine\x64\release\cfrustum.obj
c:\death-s-door-project\death-s-door-project\project\engine\x64\release\cfbxloader.obj
c:\death-s-door-project\death-s-door-project\project\engine\x64\release\ceventmgr.obj
c:\death-s-door-project\death-s-door-project\project\engine\x64\release\centity.obj
c:\death-s-door-project\death-s-door-project\project\engine\x64\release\cdevice.obj
c:\death-s-door-project\death-s-door-project\project\engine\x64\release\ccore.obj
c:\death-s-door-project\death-s-door-project\project\engine\x64\release\ccopyshadercs.obj
c:\death-s-door-project\death-s-door-project\project\engine\x64\release\ccopybonematrixshader.obj
c:\death-s-door-project\death-s-door-project\project\engine\x64\release\cconstbuffer.obj
c:\death-s-door-project\death-s-door-project\project\engine\x64\release\ccomputeshader.obj
c:\death-s-door-project\death-s-door-project\project\engine\x64\release\ccomponent.obj
c:\death-s-door-project\death-s-door-project\project\engine\x64\release\ccollisionmgr.obj
c:\death-s-door-project\death-s-door-project\project\engine\x64\release\ccollider3d.obj
c:\death-s-door-project\death-s-door-project\project\engine\x64\release\ccollider2d.obj
c:\death-s-door-project\death-s-door-project\project\engine\x64\release\ccamera.obj
c:\death-s-door-project\death-s-door-project\project\engine\x64\release\canimator3d.obj
c:\death-s-door-project\death-s-door-project\project\engine\x64\release\canimator2d.obj
c:\death-s-door-project\death-s-door-project\project\engine\x64\release\canimation3dshader.obj
c:\death-s-door-project\death-s-door-project\project\engine\x64\release\canimation2d.obj
c:\death-s-door-project\death-s-door-project\project\engine\x64\release\cpathmgr.obj
c:\death-s-door-project\death-s-door-project\project\engine\x64\release\cparticleupdateshader.obj
c:\death-s-door-project\death-s-door-project\project\engine\x64\release\cparticlesystem.obj
c:\death-s-door-project\death-s-door-project\project\engine\x64\release\cmrt.obj
c:\death-s-door-project\death-s-door-project\project\engine\x64\release\cmeshrender.obj
c:\death-s-door-project\death-s-door-project\project\engine\x64\release\cmeshdata.obj
c:\death-s-door-project\death-s-door-project\project\engine\x64\release\cmesh.obj
c:\death-s-door-project\death-s-door-project\project\engine\x64\release\cmaterial.obj
c:\death-s-door-project\death-s-door-project\project\engine\x64\release\clightcamera.obj
c:\death-s-door-project\death-s-door-project\project\engine\x64\release\clight3d.obj
c:\death-s-door-project\death-s-door-project\project\engine\x64\release\clight2d.obj
c:\death-s-door-project\death-s-door-project\project\engine\x64\release\clayer.obj
c:\death-s-door-project\death-s-door-project\project\engine\x64\release\ckeymgr.obj
c:\death-s-door-project\death-s-door-project\project\engine\x64\release\cinterface.obj
c:\death-s-door-project\death-s-door-project\project\engine\x64\release\cinstancingbuffer.obj
c:\death-s-door-project\death-s-door-project\project\engine\x64\release\chorizontalblur.obj
c:\death-s-door-project\death-s-door-project\project\engine\x64\release\cheightmapshader.obj
c:\death-s-door-project\death-s-door-project\project\engine\x64\release\cgraphicsshader.obj
c:\death-s-door-project\death-s-door-project\project\engine\x64\release\cgameobject.obj
c:\death-s-door-project\death-s-door-project\project\engine\x64\release\cfsm.obj
c:\death-s-door-project\death-s-door-project\project\engine\x64\release\ctransform.obj
c:\death-s-door-project\death-s-door-project\project\engine\x64\release\ctimemgr.obj
c:\death-s-door-project\death-s-door-project\project\engine\x64\release\ctexture.obj
c:\death-s-door-project\death-s-door-project\project\engine\x64\release\cterrain_init.obj
c:\death-s-door-project\death-s-door-project\project\engine\x64\release\cterrain.obj
c:\death-s-door-project\death-s-door-project\project\engine\x64\release\cstructuredbuffer.obj
c:\death-s-door-project\death-s-door-project\project\engine\x64\release\cstate.obj
c:\death-s-door-project\death-s-door-project\project\engine\x64\release\csound.obj
c:\death-s-door-project\death-s-door-project\project\engine\x64\release\csingleton.obj
c:\death-s-door-project\death-s-door-project\project\engine\x64\release\cshader.obj
c:\death-s-door-project\death-s-door-project\project\engine\x64\release\cscript.obj
c:\death-s-door-project\death-s-door-project\project\engine\x64\release\cscenemgr.obj
c:\death-s-door-project\death-s-door-project\project\engine\x64\release\cscene.obj
c:\death-s-door-project\death-s-door-project\project\engine\x64\release\cresmgr_init.obj
c:\death-s-door-project\death-s-door-project\project\engine\x64\release\cresmgr.obj
c:\death-s-door-project\death-s-door-project\project\engine\x64\release\cres.obj
c:\death-s-door-project\death-s-door-project\project\engine\x64\release\crendermgr_init.obj
c:\death-s-door-project\death-s-door-project\project\engine\x64\release\crendermgr.obj
c:\death-s-door-project\death-s-door-project\project\engine\x64\release\cprefab.obj
c:\death-s-door-project\death-s-door-project\project\engine\x64\release\cpickingshader.obj
c:\death-s-door-project\death-s-door-project\project\engine\x64\release\ptr.obj
c:\death-s-door-project\death-s-door-project\project\engine\x64\release\func.obj
c:\death-s-door-project\death-s-door-project\project\engine\x64\release\extern.obj
c:\death-s-door-project\death-s-door-project\project\engine\x64\release\cweightshader.obj
c:\death-s-door-project\death-s-door-project\project\engine\x64\release\cverticalblur.obj
c:\death-s-door-project\death-s-door-project\project\engine\x64\release\cui.obj
c:\death-s-door-project\death-s-door-project\external\library\engine\struct.cso
c:\death-s-door-project\death-s-door-project\external\library\engine\engine.lib
c:\death-s-door-project\death-s-door-project\project\engine\x64\release\engine.tlog\cl.command.1.tlog
c:\death-s-door-project\death-s-door-project\project\engine\x64\release\engine.tlog\cl.read.1.tlog
c:\death-s-door-project\death-s-door-project\project\engine\x64\release\engine.tlog\cl.write.1.tlog
c:\death-s-door-project\death-s-door-project\project\engine\x64\release\engine.tlog\fxc.command.1.tlog
c:\death-s-door-project\death-s-door-project\project\engine\x64\release\engine.tlog\fxc.read.1.tlog
c:\death-s-door-project\death-s-door-project\project\engine\x64\release\engine.tlog\fxc.write.1.tlog
c:\death-s-door-project\death-s-door-project\project\engine\x64\release\engine.tlog\lib-link.read.1.tlog
c:\death-s-door-project\death-s-door-project\project\engine\x64\release\engine.tlog\lib-link.write.1.tlog
c:\death-s-door-project\death-s-door-project\project\engine\x64\release\engine.tlog\lib.command.1.tlog
