c:\death-s-door-project\death-s-door-project\project\client\x64\release\vc142.pdb
c:\death-s-door-project\death-s-door-project\project\client\x64\release\menugui.obj
c:\death-s-door-project\death-s-door-project\project\client\x64\release\materialgui.obj
c:\death-s-door-project\death-s-door-project\project\client\x64\release\listgui.obj
c:\death-s-door-project\death-s-door-project\project\client\x64\release\light3dgui.obj
c:\death-s-door-project\death-s-door-project\project\client\x64\release\inspectorgui.obj
c:\death-s-door-project\death-s-door-project\project\client\x64\release\imguizmo.obj
c:\death-s-door-project\death-s-door-project\project\client\x64\release\hierachygui.obj
c:\death-s-door-project\death-s-door-project\project\client\x64\release\debuggui.obj
c:\death-s-door-project\death-s-door-project\project\client\x64\release\datagui.obj
c:\death-s-door-project\death-s-door-project\project\client\x64\release\ctoolobjmgr.obj
c:\death-s-door-project\death-s-door-project\project\client\x64\release\ctoolcamscript.obj
c:\death-s-door-project\death-s-door-project\project\client\x64\release\csaveloadmgr.obj
c:\death-s-door-project\death-s-door-project\project\client\x64\release\componentgui.obj
c:\death-s-door-project\death-s-door-project\project\client\x64\release\collider2dgui.obj
c:\death-s-door-project\death-s-door-project\project\client\x64\release\cimguimgr.obj
c:\death-s-door-project\death-s-door-project\project\client\x64\release\cgridscript.obj
c:\death-s-door-project\death-s-door-project\project\client\x64\release\cgameobjectex.obj
c:\death-s-door-project\death-s-door-project\project\client\x64\release\ccameraex.obj
c:\death-s-door-project\death-s-door-project\project\client\x64\release\btngui.obj
c:\death-s-door-project\death-s-door-project\project\client\x64\release\animator3dgui.obj
c:\death-s-door-project\death-s-door-project\project\client\x64\release\treectrl.obj
c:\death-s-door-project\death-s-door-project\project\client\x64\release\testscene.obj
c:\death-s-door-project\death-s-door-project\project\client\x64\release\main.obj
c:\death-s-door-project\death-s-door-project\project\client\x64\release\imgui_widgets.obj
c:\death-s-door-project\death-s-door-project\project\client\x64\release\imgui_tables.obj
c:\death-s-door-project\death-s-door-project\project\client\x64\release\imgui_impl_win32.obj
c:\death-s-door-project\death-s-door-project\project\client\x64\release\imgui_impl_dx11.obj
c:\death-s-door-project\death-s-door-project\project\client\x64\release\imgui_draw.obj
c:\death-s-door-project\death-s-door-project\project\client\x64\release\imgui_demo.obj
c:\death-s-door-project\death-s-door-project\project\client\x64\release\imgui.obj
c:\death-s-door-project\death-s-door-project\project\client\x64\release\gui.obj
c:\death-s-door-project\death-s-door-project\project\client\x64\release\transformgui.obj
c:\death-s-door-project\death-s-door-project\project\client\x64\release\scriptgui.obj
c:\death-s-door-project\death-s-door-project\project\client\x64\release\resinfogui.obj
c:\death-s-door-project\death-s-door-project\project\client\x64\release\resgui.obj
c:\death-s-door-project\death-s-door-project\project\client\x64\release\particle3dgui.obj
c:\death-s-door-project\death-s-door-project\project\client\x64\release\mrtgui.obj
c:\death-s-door-project\death-s-door-project\project\client\x64\release\meshrendergui.obj
c:\death-s-door-project\death-s-door-project\project\client\x64\release\cameragui.obj
c:\death-s-door-project\death-s-door-project\project\client\x64\release\prefabgui.obj
c:\death-s-door-project\death-s-door-project\project\client\x64\release\collider3dgui.obj
c:\death-s-door-project\death-s-door-project\project\client\x64\release\frustumgui.obj
c:\death-s-door-project\death-s-door-project\project\client\x64\release\client.pch
c:\death-s-door-project\death-s-door-project\project\client\x64\release\pch.obj
c:\death-s-door-project\death-s-door-project\outputfile\bin\tool.cso
c:\death-s-door-project\death-s-door-project\project\client\x64\release\client.res
c:\death-s-door-project\death-s-door-project\project\client\x64\release\client.ipdb
c:\death-s-door-project\death-s-door-project\project\client\x64\release\client.iobj
c:\death-s-door-project\death-s-door-project\outputfile\bin\client.pdb
c:\death-s-door-project\death-s-door-project\project\client\x64\release\client.tlog\cl.command.1.tlog
c:\death-s-door-project\death-s-door-project\project\client\x64\release\client.tlog\cl.read.1.tlog
c:\death-s-door-project\death-s-door-project\project\client\x64\release\client.tlog\cl.write.1.tlog
c:\death-s-door-project\death-s-door-project\project\client\x64\release\client.tlog\fxc.command.1.tlog
c:\death-s-door-project\death-s-door-project\project\client\x64\release\client.tlog\fxc.read.1.tlog
c:\death-s-door-project\death-s-door-project\project\client\x64\release\client.tlog\fxc.write.1.tlog
c:\death-s-door-project\death-s-door-project\project\client\x64\release\client.tlog\link-cvtres.read.1.tlog
c:\death-s-door-project\death-s-door-project\project\client\x64\release\client.tlog\link-cvtres.write.1.tlog
c:\death-s-door-project\death-s-door-project\project\client\x64\release\client.tlog\link-rc.read.1.tlog
c:\death-s-door-project\death-s-door-project\project\client\x64\release\client.tlog\link-rc.write.1.tlog
c:\death-s-door-project\death-s-door-project\project\client\x64\release\client.tlog\link.command.1.tlog
c:\death-s-door-project\death-s-door-project\project\client\x64\release\client.tlog\link.read.1.tlog
c:\death-s-door-project\death-s-door-project\project\client\x64\release\client.tlog\link.write.1.tlog
c:\death-s-door-project\death-s-door-project\project\client\x64\release\client.tlog\rc.command.1.tlog
c:\death-s-door-project\death-s-door-project\project\client\x64\release\client.tlog\rc.read.1.tlog
c:\death-s-door-project\death-s-door-project\project\client\x64\release\client.tlog\rc.write.1.tlog
