c:\mydirectx\external\library\engine\engine_debug.pdb
c:\mydirectx\external\library\engine\engine_debug.idb
c:\mydirectx\project\engine\x64\debug\cheightmapshader.obj
c:\mydirectx\project\engine\x64\debug\cgraphicsshader.obj
c:\mydirectx\project\engine\x64\debug\cgameobject.obj
c:\mydirectx\project\engine\x64\debug\cfbxloader.obj
c:\mydirectx\project\engine\x64\debug\ceventmgr.obj
c:\mydirectx\project\engine\x64\debug\centity.obj
c:\mydirectx\project\engine\x64\debug\cdevice.obj
c:\mydirectx\project\engine\x64\debug\ccore.obj
c:\mydirectx\project\engine\x64\debug\ccopyshadercs.obj
c:\mydirectx\project\engine\x64\debug\ccopybonematrixshader.obj
c:\mydirectx\project\engine\x64\debug\cconstbuffer.obj
c:\mydirectx\project\engine\x64\debug\ccomputeshader.obj
c:\mydirectx\project\engine\x64\debug\ccomponent.obj
c:\mydirectx\project\engine\x64\debug\ccollisionmgr.obj
c:\mydirectx\project\engine\x64\debug\ccollider2d.obj
c:\mydirectx\project\engine\x64\debug\ccamera.obj
c:\mydirectx\project\engine\x64\debug\canimator3d.obj
c:\mydirectx\project\engine\x64\debug\canimator2d.obj
c:\mydirectx\project\engine\x64\debug\canimation3dshader.obj
c:\mydirectx\project\engine\x64\debug\canimation2d.obj
c:\mydirectx\project\engine\x64\debug\cresmgr.obj
c:\mydirectx\project\engine\x64\debug\cres.obj
c:\mydirectx\project\engine\x64\debug\crendermgr_init.obj
c:\mydirectx\project\engine\x64\debug\crendermgr.obj
c:\mydirectx\project\engine\x64\debug\cprefab.obj
c:\mydirectx\project\engine\x64\debug\cpickingshader.obj
c:\mydirectx\project\engine\x64\debug\cpathmgr.obj
c:\mydirectx\project\engine\x64\debug\cparticleupdateshader.obj
c:\mydirectx\project\engine\x64\debug\cparticlesystem.obj
c:\mydirectx\project\engine\x64\debug\cmrt.obj
c:\mydirectx\project\engine\x64\debug\cmeshrender.obj
c:\mydirectx\project\engine\x64\debug\cmeshdata.obj
c:\mydirectx\project\engine\x64\debug\cmesh.obj
c:\mydirectx\project\engine\x64\debug\cmaterial.obj
c:\mydirectx\project\engine\x64\debug\clight3d.obj
c:\mydirectx\project\engine\x64\debug\clight2d.obj
c:\mydirectx\project\engine\x64\debug\clayer.obj
c:\mydirectx\project\engine\x64\debug\ckeymgr.obj
c:\mydirectx\project\engine\x64\debug\cinterface.obj
c:\mydirectx\project\engine\x64\debug\cinstancingbuffer.obj
c:\mydirectx\project\engine\x64\debug\ptr.obj
c:\mydirectx\project\engine\x64\debug\func.obj
c:\mydirectx\project\engine\x64\debug\extern.obj
c:\mydirectx\project\engine\x64\debug\cweightshader.obj
c:\mydirectx\project\engine\x64\debug\ctransform.obj
c:\mydirectx\project\engine\x64\debug\ctimemgr.obj
c:\mydirectx\project\engine\x64\debug\ctexture.obj
c:\mydirectx\project\engine\x64\debug\cterrain_init.obj
c:\mydirectx\project\engine\x64\debug\cterrain.obj
c:\mydirectx\project\engine\x64\debug\cstructuredbuffer.obj
c:\mydirectx\project\engine\x64\debug\csound.obj
c:\mydirectx\project\engine\x64\debug\csingleton.obj
c:\mydirectx\project\engine\x64\debug\cshader.obj
c:\mydirectx\project\engine\x64\debug\cscript.obj
c:\mydirectx\project\engine\x64\debug\cscenemgr.obj
c:\mydirectx\project\engine\x64\debug\cscene.obj
c:\mydirectx\project\engine\x64\debug\cresmgr_init.obj
c:\mydirectx\project\engine\x64\debug\engine_debug.pch
c:\mydirectx\project\engine\x64\debug\pch.obj
c:\mydirectx\project\engine\x64\debug\clightcamera.obj
c:\mydirectx2\3dproject\project\engine\x64\debug\engine_debug.pch
c:\mydirectx2\3dproject\external\library\engine\engine_debug.pdb
c:\mydirectx2\3dproject\external\library\engine\engine_debug.idb
c:\mydirectx2\3dproject\project\engine\x64\debug\pch.obj
c:\mydirectx2\3dproject\project\engine\x64\debug\cheightmapshader.obj
c:\mydirectx2\3dproject\project\engine\x64\debug\cgraphicsshader.obj
c:\mydirectx2\3dproject\project\engine\x64\debug\cgameobject.obj
c:\mydirectx2\3dproject\project\engine\x64\debug\cfbxloader.obj
c:\mydirectx2\3dproject\project\engine\x64\debug\ceventmgr.obj
c:\mydirectx2\3dproject\project\engine\x64\debug\centity.obj
c:\mydirectx2\3dproject\project\engine\x64\debug\cdevice.obj
c:\mydirectx2\3dproject\project\engine\x64\debug\ccore.obj
c:\mydirectx2\3dproject\project\engine\x64\debug\ccopyshadercs.obj
c:\mydirectx2\3dproject\project\engine\x64\debug\ccopybonematrixshader.obj
c:\mydirectx2\3dproject\project\engine\x64\debug\cconstbuffer.obj
c:\mydirectx2\3dproject\project\engine\x64\debug\ccomputeshader.obj
c:\mydirectx2\3dproject\project\engine\x64\debug\ccomponent.obj
c:\mydirectx2\3dproject\project\engine\x64\debug\ccollisionmgr.obj
c:\mydirectx2\3dproject\project\engine\x64\debug\ccollider2d.obj
c:\mydirectx2\3dproject\project\engine\x64\debug\ccamera.obj
c:\mydirectx2\3dproject\project\engine\x64\debug\canimator3d.obj
c:\mydirectx2\3dproject\project\engine\x64\debug\canimator2d.obj
c:\mydirectx2\3dproject\project\engine\x64\debug\canimation3dshader.obj
c:\mydirectx2\3dproject\project\engine\x64\debug\canimation2d.obj
c:\mydirectx2\3dproject\project\engine\x64\debug\cres.obj
c:\mydirectx2\3dproject\project\engine\x64\debug\crendermgr_init.obj
c:\mydirectx2\3dproject\project\engine\x64\debug\crendermgr.obj
c:\mydirectx2\3dproject\project\engine\x64\debug\cprefab.obj
c:\mydirectx2\3dproject\project\engine\x64\debug\cpickingshader.obj
c:\mydirectx2\3dproject\project\engine\x64\debug\cpathmgr.obj
c:\mydirectx2\3dproject\project\engine\x64\debug\cparticleupdateshader.obj
c:\mydirectx2\3dproject\project\engine\x64\debug\cparticlesystem.obj
c:\mydirectx2\3dproject\project\engine\x64\debug\cmrt.obj
c:\mydirectx2\3dproject\project\engine\x64\debug\cmeshrender.obj
c:\mydirectx2\3dproject\project\engine\x64\debug\cmeshdata.obj
c:\mydirectx2\3dproject\project\engine\x64\debug\cmesh.obj
c:\mydirectx2\3dproject\project\engine\x64\debug\cmaterial.obj
c:\mydirectx2\3dproject\project\engine\x64\debug\clightcamera.obj
c:\mydirectx2\3dproject\project\engine\x64\debug\clight3d.obj
c:\mydirectx2\3dproject\project\engine\x64\debug\clight2d.obj
c:\mydirectx2\3dproject\project\engine\x64\debug\clayer.obj
c:\mydirectx2\3dproject\project\engine\x64\debug\ckeymgr.obj
c:\mydirectx2\3dproject\project\engine\x64\debug\cinterface.obj
c:\mydirectx2\3dproject\project\engine\x64\debug\cinstancingbuffer.obj
c:\mydirectx2\3dproject\project\engine\x64\debug\ptr.obj
c:\mydirectx2\3dproject\project\engine\x64\debug\func.obj
c:\mydirectx2\3dproject\project\engine\x64\debug\extern.obj
c:\mydirectx2\3dproject\project\engine\x64\debug\cweightshader.obj
c:\mydirectx2\3dproject\project\engine\x64\debug\ctransform.obj
c:\mydirectx2\3dproject\project\engine\x64\debug\ctimemgr.obj
c:\mydirectx2\3dproject\project\engine\x64\debug\ctexture.obj
c:\mydirectx2\3dproject\project\engine\x64\debug\cterrain_init.obj
c:\mydirectx2\3dproject\project\engine\x64\debug\cterrain.obj
c:\mydirectx2\3dproject\project\engine\x64\debug\cstructuredbuffer.obj
c:\mydirectx2\3dproject\project\engine\x64\debug\csound.obj
c:\mydirectx2\3dproject\project\engine\x64\debug\csingleton.obj
c:\mydirectx2\3dproject\project\engine\x64\debug\cshader.obj
c:\mydirectx2\3dproject\project\engine\x64\debug\cscript.obj
c:\mydirectx2\3dproject\project\engine\x64\debug\cscenemgr.obj
c:\mydirectx2\3dproject\project\engine\x64\debug\cscene.obj
c:\mydirectx2\3dproject\project\engine\x64\debug\cresmgr_init.obj
c:\mydirectx2\3dproject\project\engine\x64\debug\cresmgr.obj
d:\노트북 백업\7.21\mydirectx2\3dproject\external\library\engine\engine_debug.pdb
c:\mydirectx\external\library\engine\struct.cso
c:\mydirectx2\3dproject\external\library\engine\struct.cso
c:\mydirectx\external\library\engine\engine_debug.lib
c:\mydirectx2\3dproject\external\library\engine\engine_debug.lib
c:\mydirectx2\3dproject\project\engine\x64\debug\engine.tlog\cl.command.1.tlog
c:\mydirectx2\3dproject\project\engine\x64\debug\engine.tlog\cl.read.1.tlog
c:\mydirectx2\3dproject\project\engine\x64\debug\engine.tlog\cl.write.1.tlog
c:\mydirectx2\3dproject\project\engine\x64\debug\engine.tlog\fxc.command.1.tlog
c:\mydirectx2\3dproject\project\engine\x64\debug\engine.tlog\fxc.read.1.tlog
c:\mydirectx2\3dproject\project\engine\x64\debug\engine.tlog\fxc.write.1.tlog
c:\mydirectx2\3dproject\project\engine\x64\debug\engine.tlog\lib-link.read.1.tlog
c:\mydirectx2\3dproject\project\engine\x64\debug\engine.tlog\lib-link.write.1.tlog
c:\mydirectx2\3dproject\project\engine\x64\debug\engine.tlog\lib.command.1.tlog
