c:\users\assortrock\desktop\death'sdoor project\death-s-door-project\project\script\x64\debug_graphic\script.pdb
c:\users\assortrock\desktop\death'sdoor project\death-s-door-project\project\script\x64\debug_graphic\script.idb
c:\death-s-door-project\death-s-door-project\project\script\x64\debug_graphic\script_debug.pch
c:\death-s-door-project\death-s-door-project\external\library\script\script_debug.pdb
c:\death-s-door-project\death-s-door-project\external\library\script\script_debug.idb
c:\death-s-door-project\death-s-door-project\project\script\x64\debug_graphic\pch.obj
c:\death-s-door-project\death-s-door-project\external\library\script\script_debug.lib
c:\death-s-door-project\death-s-door-project\project\script\x64\debug_graphic\cactorscript.obj
c:\death-s-door-project\death-s-door-project\project\script\x64\debug_graphic\ccamerascript.obj
c:\death-s-door-project\death-s-door-project\project\script\x64\debug_graphic\chsh.obj
c:\death-s-door-project\death-s-door-project\project\script\x64\debug_graphic\cmissilescript.obj
c:\death-s-door-project\death-s-door-project\project\script\x64\debug_graphic\cmonsterscript.obj
c:\death-s-door-project\death-s-door-project\project\script\x64\debug_graphic\cplayerscript.obj
c:\death-s-door-project\death-s-door-project\project\script\x64\debug_graphic\cscriptmgr.obj
c:\death-s-door-project\death-s-door-project\project\script\x64\debug_graphic\cskyboxscript.obj
c:\death-s-door-project\death-s-door-project\project\script\x64\debug_graphic\ctestmonsterscript.obj
c:\death-s-door-project\death-s-door-project\project\script\x64\debug_graphic\script.idb
c:\death-s-door-project\death-s-door-project\project\script\x64\debug_graphic\script.pdb
c:\death-s-door-project\death-s-door-project\project\script\x64\debug_graphic\script.tlog\cl.command.1.tlog
c:\death-s-door-project\death-s-door-project\project\script\x64\debug_graphic\script.tlog\cl.read.1.tlog
c:\death-s-door-project\death-s-door-project\project\script\x64\debug_graphic\script.tlog\cl.write.1.tlog
c:\death-s-door-project\death-s-door-project\project\script\x64\debug_graphic\script.tlog\lib-link.read.1.tlog
c:\death-s-door-project\death-s-door-project\project\script\x64\debug_graphic\script.tlog\lib-link.write.1.tlog
c:\death-s-door-project\death-s-door-project\project\script\x64\debug_graphic\script.tlog\lib.command.1.tlog
